###############################################################################
#                                                                             #
# IAR C/C++ Compiler V8.10.3.10338/W32 for 8051         04/May/2014  11:26:25 #
# Copyright 2004-2011 IAR Systems AB.                                         #
#                                                                             #
#    Core               =  plain                                              #
#    Code model         =  banked                                             #
#    Data model         =  large                                              #
#    Calling convention =  xdata reentrant                                    #
#    Constant location  =  data_rom                                           #
#    Dptr setup         =  1,16                                               #
#    Source file        =  H:\zigbeesrc\8.ÎÞÏß´«¸ÐÆ÷ÍøÂç£¨×Ô×éÍøÓëÊý¾Ý´«Êä£©\ #
#                          Components\zmac\f8w\zmac_cb.c                      #
#    Command line       =  -f H:\zigbeesrc\8.ÎÞÏß´«¸ÐÆ÷ÍøÂç£¨×Ô×éÍøÓëÊý¾Ý´«Êä #
#                          £©\Projects\zstack\Samples\ÎÞÏß´«¸ÐÆ÷ÍøÂç£¨×Ô×éÍø£ #
#                          ©\CC2530DB\..\..\..\Tools\CC2530DB\f8wEndev.cfg    #
#                          (-DCPU32MHZ -DROOT=__near_func -DBLINK_LEDS) -f    #
#                          H:\zigbeesrc\8.ÎÞÏß´«¸ÐÆ÷ÍøÂç£¨×Ô×éÍøÓëÊý¾Ý´«Êä£©\ #
#                          Projects\zstack\Samples\ÎÞÏß´«¸ÐÆ÷ÍøÂç£¨×Ô×éÍø£©\C #
#                          C2530DB\..\..\..\Tools\CC2530DB\f8wConfig.cfg      #
#                          (-DSECURE=0 -DZG_SECURE_DYNAMIC=0 -DREFLECTOR      #
#                          -DDEFAULT_CHANLIST=0x00000800                      #
#                          -DZDAPP_CONFIG_PAN_ID=0xFFF0                       #
#                          -DNWK_START_DELAY=100 -DEXTENDED_JOINING_RANDOM_MA #
#                          SK=0x007F -DBEACON_REQUEST_DELAY=100               #
#                          -DBEACON_REQ_DELAY_MASK=0x00FF                     #
#                          -DROUTE_EXPIRY_TIME=30 -DAPSC_ACK_WAIT_DURATION_PO #
#                          LLED=3000 -DNWK_INDIRECT_MSG_TIMEOUT=7             #
#                          -DMAX_RREQ_ENTRIES=8 -DAPSC_MAX_FRAME_RETRIES=3    #
#                          -DNWK_MAX_DATA_RETRIES=2                           #
#                          -DMAX_POLL_FAILURE_RETRIES=2 -DMAX_BCAST=9         #
#                          -DAPS_MAX_GROUPS=16 -DMAX_RTG_ENTRIES=40           #
#                          -DNWK_MAX_BINDING_ENTRIES=4                        #
#                          -DMAX_BINDING_CLUSTER_IDS=4 "-DDEFAULT_KEY={0x01,  #
#                          0x03, 0x05, 0x07, 0x09, 0x0B, 0x0D, 0x0F, 0x00,    #
#                          0x02, 0x04, 0x06, 0x08, 0x0A, 0x0C, 0x0D}"         #
#                          -DMAC_MAX_FRAME_SIZE=116 "-DCONST=const __code"    #
#                          -DGENERIC=__generic -DRFD_RCVC_ALWAYS_ON=FALSE     #
#                          -DPOLL_RATE=1000 -DQUEUED_POLL_RATE=100            #
#                          -DRESPONSE_POLL_RATE=100) -DREJOIN_POLL_RATE=440   #
#                          H:\zigbeesrc\8.ÎÞÏß´«¸ÐÆ÷ÍøÂç£¨×Ô×éÍøÓëÊý¾Ý´«Êä£©\ #
#                          Components\zmac\f8w\zmac_cb.c -D ZIGBEEPRO -D      #
#                          NWK_AUTO_POLL -D ZTOOL_P1 -D MT_TASK -D            #
#                          MT_SYS_FUNC -D MT_ZDO_FUNC -D LCD_SUPPORTED=DEBUG  #
#                          -lC H:\zigbeesrc\8.ÎÞÏß´«¸ÐÆ÷ÍøÂç£¨×Ô×éÍøÓëÊý¾Ý´«Ê #
#                          ä£©\Projects\zstack\Samples\ÎÞÏß´«¸ÐÆ÷ÍøÂç£¨×Ô×éÍø #
#                          £©\CC2530DB\EndDeviceEB-Pro\List\ -lA              #
#                          H:\zigbeesrc\8.ÎÞÏß´«¸ÐÆ÷ÍøÂç£¨×Ô×éÍøÓëÊý¾Ý´«Êä£©\ #
#                          Projects\zstack\Samples\ÎÞÏß´«¸ÐÆ÷ÍøÂç£¨×Ô×éÍø£©\C #
#                          C2530DB\EndDeviceEB-Pro\List\ --diag_suppress      #
#                          Pe001,Pa010 -o H:\zigbeesrc\8.ÎÞÏß´«¸ÐÆ÷ÍøÂç£¨×Ô×é #
#                          ÍøÓëÊý¾Ý´«Êä£©\Projects\zstack\Samples\ÎÞÏß´«¸ÐÆ÷Í #
#                          øÂç£¨×Ô×éÍø£©\CC2530DB\EndDeviceEB-Pro\Obj\ -e     #
#                          --debug --core=plain --dptr=16,1                   #
#                          --data_model=large --code_model=banked             #
#                          --calling_convention=xdata_reentrant               #
#                          --place_constants=data_rom --nr_virtual_regs 16    #
#                          -I H:\zigbeesrc\8.ÎÞÏß´«¸ÐÆ÷ÍøÂç£¨×Ô×éÍøÓëÊý¾Ý´«Êä #
#                          £©\Projects\zstack\Samples\ÎÞÏß´«¸ÐÆ÷ÍøÂç£¨×Ô×éÍø£ #
#                          ©\CC2530DB\ -I H:\zigbeesrc\8.ÎÞÏß´«¸ÐÆ÷ÍøÂç£¨×Ô×é #
#                          ÍøÓëÊý¾Ý´«Êä£©\Projects\zstack\Samples\ÎÞÏß´«¸ÐÆ÷Í #
#                          øÂç£¨×Ô×éÍø£©\CC2530DB\..\SOURCE\ -I               #
#                          H:\zigbeesrc\8.ÎÞÏß´«¸ÐÆ÷ÍøÂç£¨×Ô×éÍøÓëÊý¾Ý´«Êä£©\ #
#                          Projects\zstack\Samples\ÎÞÏß´«¸ÐÆ÷ÍøÂç£¨×Ô×éÍø£©\C #
#                          C2530DB\..\..\..\ZMAIN\TI2530DB\ -I                #
#                          H:\zigbeesrc\8.ÎÞÏß´«¸ÐÆ÷ÍøÂç£¨×Ô×éÍøÓëÊý¾Ý´«Êä£©\ #
#                          Projects\zstack\Samples\ÎÞÏß´«¸ÐÆ÷ÍøÂç£¨×Ô×éÍø£©\C #
#                          C2530DB\..\..\..\..\..\COMPONENTS\MT\ -I           #
#                          H:\zigbeesrc\8.ÎÞÏß´«¸ÐÆ÷ÍøÂç£¨×Ô×éÍøÓëÊý¾Ý´«Êä£©\ #
#                          Projects\zstack\Samples\ÎÞÏß´«¸ÐÆ÷ÍøÂç£¨×Ô×éÍø£©\C #
#                          C2530DB\..\..\..\..\..\COMPONENTS\HAL\INCLUDE\ -I  #
#                          H:\zigbeesrc\8.ÎÞÏß´«¸ÐÆ÷ÍøÂç£¨×Ô×éÍøÓëÊý¾Ý´«Êä£©\ #
#                          Projects\zstack\Samples\ÎÞÏß´«¸ÐÆ÷ÍøÂç£¨×Ô×éÍø£©\C #
#                          C2530DB\..\..\..\..\..\COMPONENTS\HAL\TARGET\CC253 #
#                          0EB\ -I H:\zigbeesrc\8.ÎÞÏß´«¸ÐÆ÷ÍøÂç£¨×Ô×éÍøÓëÊý¾ #
#                          Ý´«Êä£©\Projects\zstack\Samples\ÎÞÏß´«¸ÐÆ÷ÍøÂç£¨×Ô #
#                          ×éÍø£©\CC2530DB\..\..\..\..\..\COMPONENTS\OSAL\MCU #
#                          \CCSOC\ -I H:\zigbeesrc\8.ÎÞÏß´«¸ÐÆ÷ÍøÂç£¨×Ô×éÍøÓë #
#                          Êý¾Ý´«Êä£©\Projects\zstack\Samples\ÎÞÏß´«¸ÐÆ÷ÍøÂç£ #
#                          ¨×Ô×éÍø£©\CC2530DB\..\..\..\..\..\COMPONENTS\OSAL\ #
#                          INCLUDE\ -I H:\zigbeesrc\8.ÎÞÏß´«¸ÐÆ÷ÍøÂç£¨×Ô×éÍøÓ #
#                          ëÊý¾Ý´«Êä£©\Projects\zstack\Samples\ÎÞÏß´«¸ÐÆ÷ÍøÂç #
#                          £¨×Ô×éÍø£©\CC2530DB\..\..\..\..\..\COMPONENTS\STAC #
#                          K\AF\ -I H:\zigbeesrc\8.ÎÞÏß´«¸ÐÆ÷ÍøÂç£¨×Ô×éÍøÓëÊý #
#                          ¾Ý´«Êä£©\Projects\zstack\Samples\ÎÞÏß´«¸ÐÆ÷ÍøÂç£¨× #
#                          Ô×éÍø£©\CC2530DB\..\..\..\..\..\COMPONENTS\STACK\N #
#                          WK\ -I H:\zigbeesrc\8.ÎÞÏß´«¸ÐÆ÷ÍøÂç£¨×Ô×éÍøÓëÊý¾Ý #
#                          ´«Êä£©\Projects\zstack\Samples\ÎÞÏß´«¸ÐÆ÷ÍøÂç£¨×Ô× #
#                          éÍø£©\CC2530DB\..\..\..\..\..\COMPONENTS\STACK\SEC #
#                          \ -I H:\zigbeesrc\8.ÎÞÏß´«¸ÐÆ÷ÍøÂç£¨×Ô×éÍøÓëÊý¾Ý´« #
#                          Êä£©\Projects\zstack\Samples\ÎÞÏß´«¸ÐÆ÷ÍøÂç£¨×Ô×éÍ #
#                          ø£©\CC2530DB\..\..\..\..\..\COMPONENTS\STACK\SAPI\ #
#                           -I H:\zigbeesrc\8.ÎÞÏß´«¸ÐÆ÷ÍøÂç£¨×Ô×éÍøÓëÊý¾Ý´«Ê #
#                          ä£©\Projects\zstack\Samples\ÎÞÏß´«¸ÐÆ÷ÍøÂç£¨×Ô×éÍø #
#                          £©\CC2530DB\..\..\..\..\..\COMPONENTS\STACK\SYS\   #
#                          -I H:\zigbeesrc\8.ÎÞÏß´«¸ÐÆ÷ÍøÂç£¨×Ô×éÍøÓëÊý¾Ý´«Êä #
#                          £©\Projects\zstack\Samples\ÎÞÏß´«¸ÐÆ÷ÍøÂç£¨×Ô×éÍø£ #
#                          ©\CC2530DB\..\..\..\..\..\COMPONENTS\STACK\ZDO\    #
#                          -I H:\zigbeesrc\8.ÎÞÏß´«¸ÐÆ÷ÍøÂç£¨×Ô×éÍøÓëÊý¾Ý´«Êä #
#                          £©\Projects\zstack\Samples\ÎÞÏß´«¸ÐÆ÷ÍøÂç£¨×Ô×éÍø£ #
#                          ©\CC2530DB\..\..\..\..\..\COMPONENTS\ZMAC\F8W\ -I  #
#                          H:\zigbeesrc\8.ÎÞÏß´«¸ÐÆ÷ÍøÂç£¨×Ô×éÍøÓëÊý¾Ý´«Êä£©\ #
#                          Projects\zstack\Samples\ÎÞÏß´«¸ÐÆ÷ÍøÂç£¨×Ô×éÍø£©\C #
#                          C2530DB\..\..\..\..\..\COMPONENTS\ZMAC\ -I         #
#                          H:\zigbeesrc\8.ÎÞÏß´«¸ÐÆ÷ÍøÂç£¨×Ô×éÍøÓëÊý¾Ý´«Êä£©\ #
#                          Projects\zstack\Samples\ÎÞÏß´«¸ÐÆ÷ÍøÂç£¨×Ô×éÍø£©\C #
#                          C2530DB\..\..\..\..\..\COMPONENTS\SERVICES\SADDR\  #
#                          -I H:\zigbeesrc\8.ÎÞÏß´«¸ÐÆ÷ÍøÂç£¨×Ô×éÍøÓëÊý¾Ý´«Êä #
#                          £©\Projects\zstack\Samples\ÎÞÏß´«¸ÐÆ÷ÍøÂç£¨×Ô×éÍø£ #
#                          ©\CC2530DB\..\..\..\..\..\COMPONENTS\SERVICES\SDAT #
#                          A\ -I H:\zigbeesrc\8.ÎÞÏß´«¸ÐÆ÷ÍøÂç£¨×Ô×éÍøÓëÊý¾Ý´ #
#                          «Êä£©\Projects\zstack\Samples\ÎÞÏß´«¸ÐÆ÷ÍøÂç£¨×Ô×é #
#                          Íø£©\CC2530DB\..\..\..\..\..\COMPONENTS\MAC\INCLUD #
#                          E\ -I H:\zigbeesrc\8.ÎÞÏß´«¸ÐÆ÷ÍøÂç£¨×Ô×éÍøÓëÊý¾Ý´ #
#                          «Êä£©\Projects\zstack\Samples\ÎÞÏß´«¸ÐÆ÷ÍøÂç£¨×Ô×é #
#                          Íø£©\CC2530DB\..\..\..\..\..\COMPONENTS\MAC\HIGH_L #
#                          EVEL\ -I H:\zigbeesrc\8.ÎÞÏß´«¸ÐÆ÷ÍøÂç£¨×Ô×éÍøÓëÊý #
#                          ¾Ý´«Êä£©\Projects\zstack\Samples\ÎÞÏß´«¸ÐÆ÷ÍøÂç£¨× #
#                          Ô×éÍø£©\CC2530DB\..\..\..\..\..\COMPONENTS\MAC\LOW #
#                          _LEVEL\srf04\ -I H:\zigbeesrc\8.ÎÞÏß´«¸ÐÆ÷ÍøÂç£¨×Ô #
#                          ×éÍøÓëÊý¾Ý´«Êä£©\Projects\zstack\Samples\ÎÞÏß´«¸ÐÆ #
#                          ÷ÍøÂç£¨×Ô×éÍø£©\CC2530DB\..\..\..\..\..\COMPONENTS #
#                          \MAC\LOW_LEVEL\srf04\SINGLE_CHIP\ -Ohz             #
#    List file          =  H:\zigbeesrc\8.ÎÞÏß´«¸ÐÆ÷ÍøÂç£¨×Ô×éÍøÓëÊý¾Ý´«Êä£©\ #
#                          Projects\zstack\Samples\ÎÞÏß´«¸ÐÆ÷ÍøÂç£¨×Ô×éÍø£©\C #
#                          C2530DB\EndDeviceEB-Pro\List\zmac_cb.lst           #
#    Object file        =  H:\zigbeesrc\8.ÎÞÏß´«¸ÐÆ÷ÍøÂç£¨×Ô×éÍøÓëÊý¾Ý´«Êä£©\ #
#                          Projects\zstack\Samples\ÎÞÏß´«¸ÐÆ÷ÍøÂç£¨×Ô×éÍø£©\C #
#                          C2530DB\EndDeviceEB-Pro\Obj\zmac_cb.r51            #
#                                                                             #
#                                                                             #
###############################################################################

H:\zigbeesrc\8.ÎÞÏß´«¸ÐÆ÷ÍøÂç£¨×Ô×éÍøÓëÊý¾Ý´«Êä£©\Components\zmac\f8w\zmac_cb.c
      1          /**************************************************************************************************
      2            Filename:       zmac_cb.c
      3            Revised:        $Date: 2009-12-04 08:04:20 -0800 (Fri, 04 Dec 2009) $
      4            Revision:       $Revision: 21276 $
      5          
      6            Description:    This file contains the NWK functions that the ZMAC calls
      7          
      8          
      9            Copyright 2005-2009 Texas Instruments Incorporated. All rights reserved.
     10          
     11            IMPORTANT: Your use of this Software is limited to those specific rights
     12            granted under the terms of a software license agreement between the user
     13            who downloaded the software, his/her employer (which must be your employer)
     14            and Texas Instruments Incorporated (the "License").  You may not use this
     15            Software unless you agree to abide by the terms of the License. The License
     16            limits your use, and you acknowledge, that the Software may not be modified,
     17            copied or distributed unless embedded on a Texas Instruments microcontroller
     18            or used solely and exclusively in conjunction with a Texas Instruments radio
     19            frequency transceiver, which is integrated into your product.  Other than for
     20            the foregoing purpose, you may not use, reproduce, copy, prepare derivative
     21            works of, modify, distribute, perform, display or sell this Software and/or
     22            its documentation for any purpose.
     23          
     24            YOU FURTHER ACKNOWLEDGE AND AGREE THAT THE SOFTWARE AND DOCUMENTATION ARE
     25            PROVIDED “AS IS” WITHOUT WARRANTY OF ANY KIND, EITHER EXPRESS OR IMPLIED,
     26            INCLUDING WITHOUT LIMITATION, ANY WARRANTY OF MERCHANTABILITY, TITLE,
     27            NON-INFRINGEMENT AND FITNESS FOR A PARTICULAR PURPOSE. IN NO EVENT SHALL
     28            TEXAS INSTRUMENTS OR ITS LICENSORS BE LIABLE OR OBLIGATED UNDER CONTRACT,
     29            NEGLIGENCE, STRICT LIABILITY, CONTRIBUTION, BREACH OF WARRANTY, OR OTHER
     30            LEGAL EQUITABLE THEORY ANY DIRECT OR INDIRECT DAMAGES OR EXPENSES
     31            INCLUDING BUT NOT LIMITED TO ANY INCIDENTAL, SPECIAL, INDIRECT, PUNITIVE
     32            OR CONSEQUENTIAL DAMAGES, LOST PROFITS OR LOST DATA, COST OF PROCUREMENT
     33            OF SUBSTITUTE GOODS, TECHNOLOGY, SERVICES, OR ANY CLAIMS BY THIRD PARTIES
     34            (INCLUDING BUT NOT LIMITED TO ANY DEFENSE THEREOF), OR OTHER SIMILAR COSTS.
     35          
     36            Should you have any questions regarding your right to use this Software,
     37            contact Texas Instruments Incorporated at www.TI.com.
     38          **************************************************************************************************/
     39          
     40          /********************************************************************************************************
     41           *                                               INCLUDES
     42           ********************************************************************************************************/
     43          
     44          #include "ZComDef.h"
     45          #include "OSAL.h"
     46          #include "ZMAC.h"
     47          #include "MT_MAC.h"
     48          #include "hal_mcu.h"

   \                                 In  segment SFR_AN, at 0xa8
   \   union <unnamed> volatile __sfr _A_IEN0
   \                     _A_IEN0:
   \   000000                DS 1
     49          
     50          #if !defined NONWK
     51          #include "nwk.h"
     52          #include "nwk_bufs.h"
     53          #include "ZGlobals.h"
     54          #endif
     55          
     56          #if defined( MACSIM )
     57            #include "mac_sim.h"
     58          #endif
     59          
     60          #include "mac_main.h"
     61          extern void *ZMac_ScanBuf;
     62          
     63          /********************************************************************************************************
     64           *                                               CONSTANTS
     65           ********************************************************************************************************/
     66          
     67          #if !defined NONWK
     68          /* Lookup table for size of structures. Must match with the order of MAC callback events */

   \                                 In  segment CODE_C, align 1
     69          const uint8 CODE zmacCBSizeTable [] = {
   \                     zmacCBSizeTable:
   \   000000   00           DB 0
   \   000001   16           DB 22
   \   000002   0F           DB 15
   \   000003   00           DB 0
   \   000004   00           DB 0
   \   000005   0B           DB 11
   \   000006   15           DB 21
   \   000007   0B           DB 11
   \   000008   02           DB 2
   \   000009   00           DB 0
   \   00000A   02           DB 2
   \   00000B   22           DB 34
   \   00000C   0F           DB 15
   \   00000D   32           DB 50
   \   00000E   00           DB 0
   \   00000F   00           DB 0
   \   000010   06           DB 6
     70            0,
     71            sizeof(ZMacAssociateInd_t),       // MAC_MLME_ASSOCIATE_IND      1   Associate indication
     72            sizeof(ZMacAssociateCnf_t),       // MAC_MLME_ASSOCIATE_CNF      2   Associate confirm
     73            0,                                // MAC_MLME_DISASSOCIATE_IND   3   Disassociate indication
     74            0,                                // MAC_MLME_DISASSOCIATE_CNF   4   Disassociate confirm
     75            sizeof(macMlmeBeaconNotifyInd_t), // MAC_MLME_BEACON_NOTIFY_IND  5   con notify indication
     76            sizeof(ZMacOrphanInd_t),          // MAC_MLME_ORPHAN_IND         6   Orphan indication
     77            sizeof(ZMacScanCnf_t),            // MAC_MLME_SCAN_CNF           7   Scan confirm
     78            sizeof(ZMacStartCnf_t),           // MAC_MLME_START_CNF          8   Start confirm
     79            0,                                // MAC_MLME_SYNC_LOSS_IND      9   Sync loss indication
     80            sizeof(ZMacPollCnf_t),            // MAC_MLME_POLL_CNF           10  Poll confirm
     81            sizeof(ZMacCommStatusInd_t),      // MAC_MLME_COMM_STATUS_IND    11  Comm status indication
     82            sizeof(ZMacDataCnf_t),            // MAC_MCPS_DATA_CNF           12  Data confirm
     83            sizeof(macMcpsDataInd_t),         // MAC_MCPS_DATA_IND           13  Data indication
     84            0,                                // MAC_MCPS_PURGE_CNF          14  Purge confirm
     85            0,                                // MAC_PWR_ON_CNF              15  Power on confirm
     86            sizeof(ZMacPollInd_t)             // MAC_MLME_POLL_IND           16  Poll indication
     87          };
     88          #endif /* !defined NONWK */
     89          
     90          
     91          /*********************************************************************
     92           * ZMAC Function Pointers
     93           */
     94          
     95          /*
     96           * ZMac Application callback function. This function will be called
     97           * for every MAC message that is received over-the-air or generated
     98           * locally by MAC for the application.
     99           *
    100           * The callback function should return TRUE if it has handled the
    101           * MAC message and no further action should be taken with it. It
    102           * should return FALSE if it has not handled the MAC message and
    103           * normal processing should take place.
    104           *
    105           * NOTE: The processing in this function should be kept to the
    106           *       minimum.
    107           */

   \                                 In  segment XDATA_Z, align 1, keep-with-next
    108          uint8 (*pZMac_AppCallback)( uint8 *msgPtr ) = (void*)NULL;
   \                     pZMac_AppCallback:
   \   000000                DS 2
   \   000002                REQUIRE __INIT_XDATA_Z
    109          
    110          
    111          /*********************************************************************
    112           * ZMAC Functions
    113           */
    114          
    115          /**************************************************************************************************
    116           * @fn       MAC_CbackEvent()
    117           *
    118           * @brief    convert MAC data confirm and indication to ZMac and send to NWK
    119           *
    120           * @param    pData - pointer to macCbackEvent_t
    121           *
    122           * @return   none
    123           *************************************************************************************************/

   \                                 In  segment BANKED_CODE, align 1, keep-with-next
    124          void MAC_CbackEvent(macCbackEvent_t *pData)
   \                     MAC_CbackEvent:
    125          #ifndef MT_MAC_CB_FUNC
    126          {
   \   000000   74EA         MOV     A,#-0x16
   \   000002   12....       LCALL   ?BANKED_ENTER_XDATA
   \   000005                ; Saved register size: 22
   \   000005                ; Auto size: 4
   \   000005   74FC         MOV     A,#-0x4
   \   000007   12....       LCALL   ?ALLOC_XSTACK8
   \   00000A   85..82       MOV     DPL,?XSP + 0
   \   00000D   85..83       MOV     DPH,?XSP + 1
   \   000010   EA           MOV     A,R2
   \   000011   F0           MOVX    @DPTR,A
   \   000012   A3           INC     DPTR
   \   000013   EB           MOV     A,R3
   \   000014   F0           MOVX    @DPTR,A
    127          #if !defined NONWK
    128            uint8 event = pData->hdr.event;
   \   000015   12....       LCALL   ?Subroutine9 & 0xFFFF
   \                     ??CrossCallReturnLabel_22:
   \   000018   E0           MOVX    A,@DPTR
   \   000019   F5..         MOV     ?V0 + 2,A
    129            uint16 tmp = zmacCBSizeTable[event];
   \   00001B   F5..         MOV     ?V0 + 0,A
   \   00001D   74..         MOV     A,#zmacCBSizeTable & 0xff
   \   00001F   25..         ADD     A,?V0 + 0
   \   000021   F582         MOV     DPL,A
   \   000023   74..         MOV     A,#(zmacCBSizeTable >> 8) & 0xff
   \   000025   3400         ADDC    A,#0x0
   \   000027   F583         MOV     DPH,A
   \   000029   E4           CLR     A
   \   00002A   93           MOVC    A,@A+DPTR
   \   00002B   F5..         MOV     ?V0 + 0,A
   \   00002D   7402         MOV     A,#0x2
   \   00002F   12....       LCALL   ?XSTACK_DISP0_8
   \   000032   E5..         MOV     A,?V0 + 0
   \   000034   F0           MOVX    @DPTR,A
   \   000035   A3           INC     DPTR
   \   000036   E4           CLR     A
   \   000037   F0           MOVX    @DPTR,A
    130            macCbackEvent_t *msgPtr;
    131          
    132            /* If the Network layer will handle a new MAC callback, a non-zero value must be entered in the
    133             * corresponding location in the zmacCBSizeTable[] - thus the table acts as "should handle"?
    134             */
    135            if (tmp == 0)
   \   000038   7402         MOV     A,#0x2
   \   00003A   12....       LCALL   ?XSTACK_DISP0_8
   \   00003D   E0           MOVX    A,@DPTR
   \   00003E   7003         JNZ     $+5
   \   000040   02....       LJMP    ??MAC_CbackEvent_0 & 0xFFFF
    136            {
    137              return;
    138            }
    139          
    140            // MAC_MCPS_DATA_IND is very special - it is the only event where the MAC does not free *pData.
    141            if ( event == MAC_MCPS_DATA_IND )
   \   000043   740D         MOV     A,#0xd
   \   000045   65..         XRL     A,?V0 + 2
   \   000047   7048         JNZ     ??MAC_CbackEvent_1
    142            {
    143              MAC_MlmeGetReq( MAC_SHORT_ADDRESS, &tmp );
   \   000049                ; Setup parameters for call to function MAC_MlmeGetReq
   \   000049   AA82         MOV     R2,DPL
   \   00004B   AB83         MOV     R3,DPH
   \   00004D   7953         MOV     R1,#0x53
   \   00004F   12....       LCALL   ??MAC_MlmeGetReq?relay
    144              if ((tmp == INVALID_NODE_ADDR) || (tmp == NWK_BROADCAST_SHORTADDR_DEVALL) ||
    145                  (pData->dataInd.msdu.len == 0))
   \   000052   7402         MOV     A,#0x2
   \   000054   12....       LCALL   ?XSTACK_DISP0_8
   \   000057   E0           MOVX    A,@DPTR
   \   000058   64FE         XRL     A,#0xfe
   \   00005A   7003         JNZ     ??MAC_CbackEvent_2
   \   00005C   A3           INC     DPTR
   \   00005D   E0           MOVX    A,@DPTR
   \   00005E   F4           CPL     A
   \                     ??MAC_CbackEvent_2:
   \   00005F   6015         JZ      ??MAC_CbackEvent_3
   \   000061   7402         MOV     A,#0x2
   \   000063   12....       LCALL   ?XSTACK_DISP0_8
   \   000066   E0           MOVX    A,@DPTR
   \   000067   F4           CPL     A
   \   000068   7003         JNZ     ??MAC_CbackEvent_4
   \   00006A   A3           INC     DPTR
   \   00006B   E0           MOVX    A,@DPTR
   \   00006C   F4           CPL     A
   \                     ??MAC_CbackEvent_4:
   \   00006D   6007         JZ      ??MAC_CbackEvent_3
   \   00006F   12....       LCALL   ?Subroutine2 & 0xFFFF
   \                     ??CrossCallReturnLabel_4:
   \   000072   A3           INC     DPTR
   \   000073   E0           MOVX    A,@DPTR
   \   000074   700D         JNZ     ??MAC_CbackEvent_5
    146              {
    147                mac_msg_deallocate( (uint8 **)&pData );
   \                     ??MAC_CbackEvent_3:
   \   000076                ; Setup parameters for call to function mac_msg_deallocate
   \   000076   85..82       MOV     DPL,?XSP + 0
   \   000079   85..83       MOV     DPH,?XSP + 1
   \   00007C   AA82         MOV     R2,DPL
   \   00007E   AB83         MOV     R3,DPH
   \   000080   02....       LJMP    ??CrossCallReturnLabel_11 & 0xFFFF
    148                return;
    149              }
    150              msgPtr = pData;
   \                     ??MAC_CbackEvent_5:
   \   000083   85..82       MOV     DPL,?XSP + 0
   \   000086   85..83       MOV     DPH,?XSP + 1
   \   000089   E0           MOVX    A,@DPTR
   \   00008A   FE           MOV     R6,A
   \   00008B   A3           INC     DPTR
   \   00008C   E0           MOVX    A,@DPTR
   \   00008D   FF           MOV     R7,A
   \   00008E   02....       LJMP    ??MAC_CbackEvent_6 & 0xFFFF
    151            }
    152            else
    153            {
    154              if (event == MAC_MLME_BEACON_NOTIFY_IND )
   \                     ??MAC_CbackEvent_1:
   \   000091   7405         MOV     A,#0x5
   \   000093   65..         XRL     A,?V0 + 2
   \   000095   7014         JNZ     ??MAC_CbackEvent_7
    155              {
    156                tmp += sizeof(macPanDesc_t) + pData->beaconNotifyInd.sduLength;
   \   000097   85..82       MOV     DPL,?XSP + 0
   \   00009A   85..83       MOV     DPH,?XSP + 1
   \   00009D   E0           MOVX    A,@DPTR
   \   00009E   F8           MOV     R0,A
   \   00009F   12....       LCALL   ?Subroutine1 & 0xFFFF
    157              }
   \                     ??CrossCallReturnLabel_2:
   \   0000A2   2421         ADD     A,#0x21
   \   0000A4   F8           MOV     R0,A
   \   0000A5   E4           CLR     A
   \   0000A6   3400         ADDC    A,#0x0
   \   0000A8   F9           MOV     R1,A
   \   0000A9   802A         SJMP    ??MAC_CbackEvent_8
    158              else if (event == MAC_MLME_SCAN_CNF)
   \                     ??MAC_CbackEvent_7:
   \   0000AB   7407         MOV     A,#0x7
   \   0000AD   65..         XRL     A,?V0 + 2
   \   0000AF   7030         JNZ     ??MAC_CbackEvent_9
    159              {
    160                if (pData->scanCnf.scanType == ZMAC_ED_SCAN)
   \   0000B1   12....       LCALL   ?Subroutine3 & 0xFFFF
   \                     ??CrossCallReturnLabel_6:
   \   0000B4   700F         JNZ     ??MAC_CbackEvent_10
    161                {
    162                  tmp += ZMAC_ED_SCAN_MAXCHANNELS;
   \   0000B6   7402         MOV     A,#0x2
   \   0000B8   12....       LCALL   ?XSTACK_DISP0_8
   \   0000BB   E0           MOVX    A,@DPTR
   \   0000BC   241B         ADD     A,#0x1b
   \   0000BE   F0           MOVX    @DPTR,A
   \   0000BF   A3           INC     DPTR
   \   0000C0   E0           MOVX    A,@DPTR
   \   0000C1   3400         ADDC    A,#0x0
   \   0000C3   801B         SJMP    ??MAC_CbackEvent_11
    163                }
    164                else
    165                {
    166                  tmp += sizeof( ZMacPanDesc_t ) * pData->scanCnf.resultListSize;
   \                     ??MAC_CbackEvent_10:
   \   0000C5   85..82       MOV     DPL,?XSP + 0
   \   0000C8   85..83       MOV     DPH,?XSP + 1
   \   0000CB   12....       LCALL   ?Subroutine1 & 0xFFFF
    167                }
    168              }
   \                     ??CrossCallReturnLabel_3:
   \   0000CE   75F021       MOV     B,#0x21
   \   0000D1   A4           MUL     AB
   \   0000D2   F8           MOV     R0,A
   \   0000D3   A9F0         MOV     R1,B
   \                     ??MAC_CbackEvent_8:
   \   0000D5   7402         MOV     A,#0x2
   \   0000D7   12....       LCALL   ?XSTACK_DISP0_8
   \   0000DA   E0           MOVX    A,@DPTR
   \   0000DB   28           ADD     A,R0
   \   0000DC   F0           MOVX    @DPTR,A
   \   0000DD   A3           INC     DPTR
   \   0000DE   E0           MOVX    A,@DPTR
   \   0000DF   39           ADDC    A,R1
   \                     ??MAC_CbackEvent_11:
   \   0000E0   F0           MOVX    @DPTR,A
    169          
    170              if ( !(msgPtr = (macCbackEvent_t *)osal_msg_allocate(tmp)) )
   \                     ??MAC_CbackEvent_9:
   \   0000E1                ; Setup parameters for call to function osal_msg_allocate
   \   0000E1   7402         MOV     A,#0x2
   \   0000E3   12....       LCALL   ?XSTACK_DISP0_8
   \   0000E6   12....       LCALL   ?Subroutine0 & 0xFFFF
   \                     ??CrossCallReturnLabel_0:
   \   0000E9   7037         JNZ     ??MAC_CbackEvent_12
    171              {
    172                // Not enough memory. If data confirm - try again
    173                if ( event == MAC_MCPS_DATA_CNF )
   \   0000EB   740C         MOV     A,#0xc
   \   0000ED   65..         XRL     A,?V0 + 2
   \   0000EF   6003         JZ      $+5
   \   0000F1   02....       LJMP    ??MAC_CbackEvent_0 & 0xFFFF
    174                {
    175                  halIntState_t intState;
    176          
    177                  // This is not normally deallocated here because the pZMac_AppCallback()
    178                  // application may need it.
    179                  HAL_ENTER_CRITICAL_SECTION( intState );  // Hold off interrupts.
   \   0000F4   A2AF         MOV     C,0xa8.7
   \   0000F6   E4           CLR     A
   \   0000F7   33           RLC     A
   \   0000F8   F5..         MOV     ?V0 + 3,A
   \   0000FA   C2AF         CLR     0xa8.7
    180          
    181                  mac_msg_deallocate( (uint8**)&(pData->dataCnf.pDataReq) );
   \   0000FC                ; Setup parameters for call to function mac_msg_deallocate
   \   0000FC   12....       LCALL   ?Subroutine5 & 0xFFFF
   \                     ??CrossCallReturnLabel_10:
   \   0000FF   12....       LCALL   ??mac_msg_deallocate?relay
    182                  if ( !(msgPtr = (macCbackEvent_t *)osal_msg_allocate(tmp)) )
   \   000102                ; Setup parameters for call to function osal_msg_allocate
   \   000102   7402         MOV     A,#0x2
   \   000104   12....       LCALL   ?XSTACK_DISP0_8
   \   000107   12....       LCALL   ?Subroutine0 & 0xFFFF
   \                     ??CrossCallReturnLabel_1:
   \   00010A   7009         JNZ     ??MAC_CbackEvent_13
    183                  {
    184                    // Still no allocation, something is wrong
    185                    HAL_EXIT_CRITICAL_SECTION( intState );   // Re-enable interrupts.
   \   00010C   E5..         MOV     A,?V0 + 3
   \   00010E   A2E0         MOV     C,0xE0 /* A   */.0
   \   000110   92AF         MOV     0xa8.7,C
    186                    return;
   \   000112   02....       LJMP    ??MAC_CbackEvent_0 & 0xFFFF
    187                  }
    188                  HAL_EXIT_CRITICAL_SECTION( intState );   // Re-enable interrupts.
   \                     ??MAC_CbackEvent_13:
   \   000115   E5..         MOV     A,?V0 + 3
   \   000117   A2E0         MOV     C,0xE0 /* A   */.0
   \   000119   92AF         MOV     0xa8.7,C
    189                  pData->dataCnf.pDataReq = NULL;
   \   00011B   12....       LCALL   ?Subroutine2 & 0xFFFF
    190                }
    191                else
    192                {
    193                  // This message is dropped
    194                  return;
    195                }
    196              }
   \                     ??CrossCallReturnLabel_5:
   \   00011E   E4           CLR     A
   \   00011F   F0           MOVX    @DPTR,A
   \   000120   A3           INC     DPTR
   \   000121   F0           MOVX    @DPTR,A
    197              osal_memcpy(msgPtr, pData, zmacCBSizeTable[event]);
   \                     ??MAC_CbackEvent_12:
   \   000122                ; Setup parameters for call to function osal_memcpy
   \   000122   85..82       MOV     DPL,?XSP + 0
   \   000125   85..83       MOV     DPH,?XSP + 1
   \   000128   E0           MOVX    A,@DPTR
   \   000129   F5..         MOV     ?V0 + 4,A
   \   00012B   A3           INC     DPTR
   \   00012C   E0           MOVX    A,@DPTR
   \   00012D   F5..         MOV     ?V0 + 5,A
   \   00012F   75..00       MOV     ?V0 + 6,#0x0
   \   000132   78..         MOV     R0,#?V0 + 4
   \   000134   12....       LCALL   ?PUSH_XSTACK_I_THREE
   \   000137   AC..         MOV     R4,?V0 + 0
   \   000139   7D00         MOV     R5,#0x0
   \   00013B   EE           MOV     A,R6
   \   00013C   FA           MOV     R2,A
   \   00013D   EF           MOV     A,R7
   \   00013E   12....       LCALL   ?Subroutine7 & 0xFFFF
    198            }
   \                     ??CrossCallReturnLabel_16:
   \   000141   12....       LCALL   ?DEALLOC_XSTACK8
    199          
    200            if ( event == MAC_MLME_BEACON_NOTIFY_IND )
   \   000144   EE           MOV     A,R6
   \   000145   2409         ADD     A,#0x9
   \   000147   F5..         MOV     ?V0 + 8,A
   \   000149   EF           MOV     A,R7
   \   00014A   3400         ADDC    A,#0x0
   \   00014C   F5..         MOV     ?V0 + 9,A
   \   00014E   EE           MOV     A,R6
   \   00014F   2408         ADD     A,#0x8
   \   000151   F5..         MOV     ?V0 + 12,A
   \   000153   EF           MOV     A,R7
   \   000154   3400         ADDC    A,#0x0
   \   000156   F5..         MOV     ?V0 + 13,A
   \   000158   EE           MOV     A,R6
   \   000159   240B         ADD     A,#0xb
   \   00015B   F5..         MOV     ?V0 + 0,A
   \   00015D   EF           MOV     A,R7
   \   00015E   3400         ADDC    A,#0x0
   \   000160   F5..         MOV     ?V0 + 1,A
   \   000162   7405         MOV     A,#0x5
   \   000164   65..         XRL     A,?V0 + 2
   \   000166   7076         JNZ     ??MAC_CbackEvent_14
    201            {
    202              macMlmeBeaconNotifyInd_t *pBeacon = (macMlmeBeaconNotifyInd_t*)msgPtr;
    203          
    204              osal_memcpy(pBeacon+1, pBeacon->pPanDesc, sizeof(macPanDesc_t));
   \   000168   EE           MOV     A,R6
   \   000169   2403         ADD     A,#0x3
   \   00016B   F5..         MOV     ?V0 + 10,A
   \   00016D   EF           MOV     A,R7
   \   00016E   3400         ADDC    A,#0x0
   \   000170   F5..         MOV     ?V0 + 11,A
   \   000172                ; Setup parameters for call to function osal_memcpy
   \   000172   85..82       MOV     DPL,?V0 + 10
   \   000175   F583         MOV     DPH,A
   \   000177   12....       LCALL   ?Subroutine6 & 0xFFFF
   \                     ??CrossCallReturnLabel_12:
   \   00017A   12....       LCALL   ?PUSH_XSTACK_I_THREE
   \   00017D   7C21         MOV     R4,#0x21
   \   00017F   7D00         MOV     R5,#0x0
   \   000181   AA..         MOV     R2,?V0 + 0
   \   000183   AB..         MOV     R3,?V0 + 1
   \   000185   12....       LCALL   ??Subroutine10_0 & 0xFFFF
   \                     ??CrossCallReturnLabel_18:
   \   000188   12....       LCALL   ?DEALLOC_XSTACK8
    205              pBeacon->pPanDesc = (macPanDesc_t *)(pBeacon+1);
   \   00018B   85..82       MOV     DPL,?V0 + 10
   \   00018E   85..83       MOV     DPH,?V0 + 11
   \   000191   E5..         MOV     A,?V0 + 0
   \   000193   F0           MOVX    @DPTR,A
   \   000194   A3           INC     DPTR
   \   000195   E5..         MOV     A,?V0 + 1
   \   000197   F0           MOVX    @DPTR,A
    206              osal_memcpy(pBeacon->pPanDesc+1, pBeacon->pSdu, pBeacon->sduLength);
   \   000198                ; Setup parameters for call to function osal_memcpy
   \   000198   85..82       MOV     DPL,?V0 + 8
   \   00019B   85..83       MOV     DPH,?V0 + 9
   \   00019E   12....       LCALL   ?Subroutine6 & 0xFFFF
   \                     ??CrossCallReturnLabel_13:
   \   0001A1   12....       LCALL   ?PUSH_XSTACK_I_THREE
   \   0001A4   85..82       MOV     DPL,?V0 + 12
   \   0001A7   85..83       MOV     DPH,?V0 + 13
   \   0001AA   E0           MOVX    A,@DPTR
   \   0001AB   FC           MOV     R4,A
   \   0001AC   7D00         MOV     R5,#0x0
   \   0001AE   85..82       MOV     DPL,?V0 + 10
   \   0001B1   85..83       MOV     DPH,?V0 + 11
   \   0001B4   E0           MOVX    A,@DPTR
   \   0001B5   2421         ADD     A,#0x21
   \   0001B7   FA           MOV     R2,A
   \   0001B8   A3           INC     DPTR
   \   0001B9   E0           MOVX    A,@DPTR
   \   0001BA   3400         ADDC    A,#0x0
   \   0001BC   12....       LCALL   ?Subroutine7 & 0xFFFF
   \                     ??CrossCallReturnLabel_17:
   \   0001BF   12....       LCALL   ?DEALLOC_XSTACK8
    207              pBeacon->pSdu = (uint8 *)(pBeacon->pPanDesc+1);
   \   0001C2   85..82       MOV     DPL,?V0 + 10
   \   0001C5   85..83       MOV     DPH,?V0 + 11
   \   0001C8   E0           MOVX    A,@DPTR
   \   0001C9   2421         ADD     A,#0x21
   \   0001CB   F8           MOV     R0,A
   \   0001CC   A3           INC     DPTR
   \   0001CD   E0           MOVX    A,@DPTR
   \   0001CE   3400         ADDC    A,#0x0
   \   0001D0   F9           MOV     R1,A
   \   0001D1   85..82       MOV     DPL,?V0 + 8
   \   0001D4   85..83       MOV     DPH,?V0 + 9
   \   0001D7   E8           MOV     A,R0
   \   0001D8   F0           MOVX    @DPTR,A
   \   0001D9   A3           INC     DPTR
   \   0001DA   E9           MOV     A,R1
   \   0001DB   F0           MOVX    @DPTR,A
   \   0001DC   807E         SJMP    ??MAC_CbackEvent_6
    208            }
    209            else if (event == MAC_MLME_SCAN_CNF)
   \                     ??MAC_CbackEvent_14:
   \   0001DE   7407         MOV     A,#0x7
   \   0001E0   65..         XRL     A,?V0 + 2
   \   0001E2   7078         JNZ     ??MAC_CbackEvent_6
    210            {
    211              macMlmeScanCnf_t *pScan = (macMlmeScanCnf_t*)msgPtr;
    212          
    213              if (ZMac_ScanBuf != NULL)
   \   0001E4   90....       MOV     DPTR,#ZMac_ScanBuf
   \   0001E7   E0           MOVX    A,@DPTR
   \   0001E8   F8           MOV     R0,A
   \   0001E9   A3           INC     DPTR
   \   0001EA   E0           MOVX    A,@DPTR
   \   0001EB   F9           MOV     R1,A
   \   0001EC   E8           MOV     A,R0
   \   0001ED   49           ORL     A,R1
   \   0001EE   606C         JZ      ??MAC_CbackEvent_6
    214              {
    215                void *pTmp = ZMac_ScanBuf;
   \   0001F0   90....       MOV     DPTR,#ZMac_ScanBuf
   \   0001F3   E0           MOVX    A,@DPTR
   \   0001F4   F5..         MOV     ?V0 + 10,A
   \   0001F6   A3           INC     DPTR
   \   0001F7   E0           MOVX    A,@DPTR
   \   0001F8   F5..         MOV     ?V0 + 11,A
    216                ZMac_ScanBuf = NULL;
   \   0001FA   90....       MOV     DPTR,#ZMac_ScanBuf
   \   0001FD   E4           CLR     A
   \   0001FE   F0           MOVX    @DPTR,A
   \   0001FF   A3           INC     DPTR
   \   000200   F0           MOVX    @DPTR,A
    217          
    218                if (pScan->scanType == ZMAC_ED_SCAN)
   \   000201   88..         MOV     ?V0 + 4,R0
   \   000203   89..         MOV     ?V0 + 5,R1
   \   000205   8E82         MOV     DPL,R6
   \   000207   8F83         MOV     DPH,R7
   \   000209   A3           INC     DPTR
   \   00020A   A3           INC     DPTR
   \   00020B   E0           MOVX    A,@DPTR
   \   00020C   85..82       MOV     DPL,?V0 + 8
   \   00020F   85..83       MOV     DPH,?V0 + 9
   \   000212   701D         JNZ     ??MAC_CbackEvent_15
    219                {
    220                  pScan->result.pEnergyDetect = (uint8*) (pScan + 1);
   \   000214   E5..         MOV     A,?V0 + 0
   \   000216   F0           MOVX    @DPTR,A
   \   000217   A3           INC     DPTR
   \   000218   E5..         MOV     A,?V0 + 1
   \   00021A   F0           MOVX    @DPTR,A
    221                  osal_memcpy(pScan->result.pEnergyDetect, pTmp, ZMAC_ED_SCAN_MAXCHANNELS);
   \   00021B                ; Setup parameters for call to function osal_memcpy
   \   00021B   78..         MOV     R0,#?V0 + 4
   \   00021D   12....       LCALL   ?PUSH_XSTACK_I_THREE
   \   000220   7C1B         MOV     R4,#0x1b
   \   000222   7D00         MOV     R5,#0x0
   \   000224   85..82       MOV     DPL,?V0 + 8
   \   000227   85..83       MOV     DPH,?V0 + 9
   \   00022A   E0           MOVX    A,@DPTR
   \   00022B   FA           MOV     R2,A
   \   00022C   A3           INC     DPTR
   \   00022D   E0           MOVX    A,@DPTR
   \   00022E   FB           MOV     R3,A
   \   00022F   801E         SJMP    ??MAC_CbackEvent_16
    222                }
    223                else
    224                {
    225                  pScan->result.pPanDescriptor = (macPanDesc_t*) (pScan + 1);
   \                     ??MAC_CbackEvent_15:
   \   000231   E5..         MOV     A,?V0 + 0
   \   000233   F0           MOVX    @DPTR,A
   \   000234   A3           INC     DPTR
   \   000235   E5..         MOV     A,?V0 + 1
   \   000237   F0           MOVX    @DPTR,A
    226                  osal_memcpy(pScan + 1, pTmp, sizeof( ZMacPanDesc_t ) * pScan->resultListSize);
   \   000238                ; Setup parameters for call to function osal_memcpy
   \   000238   78..         MOV     R0,#?V0 + 4
   \   00023A   12....       LCALL   ?PUSH_XSTACK_I_THREE
   \   00023D   85..82       MOV     DPL,?V0 + 12
   \   000240   85..83       MOV     DPH,?V0 + 13
   \   000243   E0           MOVX    A,@DPTR
   \   000244   75F021       MOV     B,#0x21
   \   000247   A4           MUL     AB
   \   000248   FC           MOV     R4,A
   \   000249   ADF0         MOV     R5,B
   \   00024B   AA..         MOV     R2,?V0 + 0
   \   00024D   AB..         MOV     R3,?V0 + 1
    227                }
   \                     ??MAC_CbackEvent_16:
   \   00024F   12....       LCALL   ??Subroutine10_0 & 0xFFFF
   \                     ??CrossCallReturnLabel_19:
   \   000252   12....       LCALL   ?DEALLOC_XSTACK8
    228          
    229                osal_mem_free(pTmp);
   \   000255                ; Setup parameters for call to function osal_mem_free
   \   000255   AA..         MOV     R2,?V0 + 10
   \   000257   AB..         MOV     R3,?V0 + 11
   \   000259   12....       LCALL   ??osal_mem_free?relay
    230              }
    231            }
    232          
    233            if ( ( pZMac_AppCallback == NULL ) || ( pZMac_AppCallback( (uint8 *)msgPtr ) == FALSE ) )
   \                     ??MAC_CbackEvent_6:
   \   00025C   90....       MOV     DPTR,#pZMac_AppCallback
   \   00025F   E0           MOVX    A,@DPTR
   \   000260   F8           MOV     R0,A
   \   000261   A3           INC     DPTR
   \   000262   E0           MOVX    A,@DPTR
   \   000263   F9           MOV     R1,A
   \   000264   E8           MOV     A,R0
   \   000265   49           ORL     A,R1
   \   000266   6010         JZ      ??MAC_CbackEvent_17
   \   000268                ; Setup parameters for indirect call
   \   000268   EE           MOV     A,R6
   \   000269   FA           MOV     R2,A
   \   00026A   EF           MOV     A,R7
   \   00026B   FB           MOV     R3,A
   \   00026C   12....       LCALL   ??Subroutine12_0 & 0xFFFF
   \                     ??CrossCallReturnLabel_20:
   \   00026F   12....       LCALL   ?CALL_IND
   \   000272   E9           MOV     A,R1
   \   000273   6003         JZ      $+5
   \   000275   02....       LJMP    ??MAC_CbackEvent_18 & 0xFFFF
    234            {
    235              // Filter out non-zigbee packets
    236              if ( event == MAC_MCPS_DATA_IND )
   \                     ??MAC_CbackEvent_17:
   \   000278   740D         MOV     A,#0xd
   \   00027A   65..         XRL     A,?V0 + 2
   \   00027C   706F         JNZ     ??MAC_CbackEvent_19
    237              {
    238                uint8 fcFrameType = (pData->dataInd.msdu.p[0] & 0x03);
    239                uint8 fcProtoVer = ((pData->dataInd.msdu.p[0] >> 2) & 0x0F);
    240                uint8 fcReserve = (pData->dataInd.msdu.p[1] & 0xE0);
   \   00027E   12....       LCALL   ?Subroutine3 & 0xFFFF
   \                     ??CrossCallReturnLabel_7:
   \   000281   F8           MOV     R0,A
   \   000282   A3           INC     DPTR
   \   000283   E0           MOVX    A,@DPTR
   \   000284   F9           MOV     R1,A
   \   000285   8882         MOV     DPL,R0
   \   000287   8983         MOV     DPH,R1
   \   000289   A3           INC     DPTR
   \   00028A   E0           MOVX    A,@DPTR
   \   00028B   54E0         ANL     A,#0xe0
   \   00028D   FA           MOV     R2,A
    241                if ( (fcFrameType > 0x01) || (fcProtoVer != _NIB.nwkProtocolVersion) || (fcReserve != 0) 
    242                    || (pData->dataInd.mac.srcAddr.addrMode != SADDR_MODE_SHORT) )
   \   00028E   8882         MOV     DPL,R0
   \   000290   8983         MOV     DPH,R1
   \   000292   E0           MOVX    A,@DPTR
   \   000293   5403         ANL     A,#0x3
   \   000295   C3           CLR     C
   \   000296   9402         SUBB    A,#0x2
   \   000298   4003         JC      $+5
   \   00029A   02....       LJMP    ??MAC_CbackEvent_3 & 0xFFFF
   \   00029D   E0           MOVX    A,@DPTR
   \   00029E   13           RRC     A
   \   00029F   13           RRC     A
   \   0002A0   543F         ANL     A,#0x3f
   \   0002A2   540F         ANL     A,#0xf
   \   0002A4   F8           MOV     R0,A
   \   0002A5   90....       MOV     DPTR,#_NIB + 17
   \   0002A8   E0           MOVX    A,@DPTR
   \   0002A9   68           XRL     A,R0
   \   0002AA   6003         JZ      $+5
   \   0002AC   02....       LJMP    ??MAC_CbackEvent_3 & 0xFFFF
   \   0002AF   EA           MOV     A,R2
   \   0002B0   6003         JZ      $+5
   \   0002B2   02....       LJMP    ??MAC_CbackEvent_3 & 0xFFFF
   \   0002B5   85..82       MOV     DPL,?XSP + 0
   \   0002B8   85..83       MOV     DPH,?XSP + 1
   \   0002BB   E0           MOVX    A,@DPTR
   \   0002BC   241A         ADD     A,#0x1a
   \   0002BE   F8           MOV     R0,A
   \   0002BF   12....       LCALL   ?Subroutine4 & 0xFFFF
   \                     ??CrossCallReturnLabel_8:
   \   0002C2   6402         XRL     A,#0x2
   \   0002C4   6003         JZ      $+5
   \   0002C6   02....       LJMP    ??MAC_CbackEvent_3 & 0xFFFF
    243                {
    244                  // Drop the message 
    245                  mac_msg_deallocate( (uint8 **)&pData );
    246                  return;
    247                }
    248                else if ( pData->dataInd.mac.dstAddr.addr.shortAddr == 0xFFFF )
   \   0002C9   85..82       MOV     DPL,?XSP + 0
   \   0002CC   85..83       MOV     DPH,?XSP + 1
   \   0002CF   E0           MOVX    A,@DPTR
   \   0002D0   241B         ADD     A,#0x1b
   \   0002D2   08           INC     R0
   \   0002D3   12....       LCALL   ?Subroutine4 & 0xFFFF
   \                     ??CrossCallReturnLabel_9:
   \   0002D6   F4           CPL     A
   \   0002D7   7003         JNZ     ??MAC_CbackEvent_20
   \   0002D9   A3           INC     DPTR
   \   0002DA   E0           MOVX    A,@DPTR
   \   0002DB   F4           CPL     A
   \                     ??MAC_CbackEvent_20:
   \   0002DC   700F         JNZ     ??MAC_CbackEvent_19
    249                {
    250                  // Send the messsage to a special broadcast queue
    251                  if ( nwk_broadcastSend( (uint8 *)msgPtr ) == SUCCESS )
   \   0002DE                ; Setup parameters for call to function nwk_broadcastSend
   \   0002DE   EE           MOV     A,R6
   \   0002DF   FA           MOV     R2,A
   \   0002E0   EF           MOV     A,R7
   \   0002E1   FB           MOV     R3,A
   \   0002E2   12....       LCALL   ??nwk_broadcastSend?relay
   \   0002E5   E9           MOV     A,R1
   \   0002E6   6003         JZ      $+5
   \   0002E8   02....       LJMP    ??MAC_CbackEvent_3 & 0xFFFF
   \   0002EB   8018         SJMP    ??MAC_CbackEvent_0
    252                  {
    253                    return;
    254                  }
    255                  else
    256                  {
    257                    // Drop the message, too many broadcast messages to process
    258                    mac_msg_deallocate( (uint8 **)&pData );
    259                    return;
    260                  }
    261                }
    262              }
    263              
    264              // Application hasn't already processed this message. Send it to NWK task.
    265              osal_msg_send( NWK_TaskID, (uint8 *)msgPtr );
   \                     ??MAC_CbackEvent_19:
   \   0002ED                ; Setup parameters for call to function osal_msg_send
   \   0002ED   EE           MOV     A,R6
   \   0002EE   FA           MOV     R2,A
   \   0002EF   EF           MOV     A,R7
   \   0002F0   FB           MOV     R3,A
   \   0002F1   90....       MOV     DPTR,#NWK_TaskID
   \   0002F4   E0           MOVX    A,@DPTR
   \   0002F5   F9           MOV     R1,A
   \   0002F6   12....       LCALL   ??osal_msg_send?relay
    266            }
    267          
    268            if ( event == MAC_MCPS_DATA_CNF )
   \                     ??MAC_CbackEvent_18:
   \   0002F9   740C         MOV     A,#0xc
   \   0002FB   65..         XRL     A,?V0 + 2
   \   0002FD   7006         JNZ     ??MAC_CbackEvent_0
    269            {
    270              // If the application needs 'pDataReq' then we cannot free it here.
    271              // The application must free it after using it. Note that 'pDataReq'
    272              // is of macMcpsDataReq_t (and not ZMacDataReq_t) type.
    273          
    274              mac_msg_deallocate( (uint8**)&(pData->dataCnf.pDataReq) );
   \   0002FF                ; Setup parameters for call to function mac_msg_deallocate
   \   0002FF   12....       LCALL   ?Subroutine5 & 0xFFFF
    275            }
   \                     ??CrossCallReturnLabel_11:
   \   000302   12....       LCALL   ??mac_msg_deallocate?relay
   \                     ??MAC_CbackEvent_0:
   \   000305   7404         MOV     A,#0x4
   \   000307   12....       LCALL   ?DEALLOC_XSTACK8
   \   00030A   7F0E         MOV     R7,#0xe
   \   00030C   02....       LJMP    ?BANKED_LEAVE_XDATA
   \   00030F                REQUIRE _A_IEN0
    276          #endif
    277          }

   \                                 In  segment BANKED_CODE, align 1, keep-with-next
   \                     ?Subroutine7:
   \   000000   FB           MOV     R3,A
   \   000001                REQUIRE ??Subroutine10_0
   \   000001                ; // Fall through to label ??Subroutine10_0

   \                                 In  segment BANKED_CODE, align 1, keep-with-next
   \                     ??Subroutine10_0:
   \   000000   12....       LCALL   ??osal_memcpy?relay
   \   000003   7403         MOV     A,#0x3
   \   000005   22           RET

   \                                 In  segment BANKED_CODE, align 1, keep-with-next
   \                     ?Subroutine6:
   \   000000   E0           MOVX    A,@DPTR
   \   000001   F5..         MOV     ?V0 + 4,A
   \   000003   A3           INC     DPTR
   \   000004   E0           MOVX    A,@DPTR
   \   000005   F5..         MOV     ?V0 + 5,A
   \   000007   78..         MOV     R0,#?V0 + 4
   \   000009   22           RET

   \                                 In  segment BANKED_CODE, align 1, keep-with-next
   \                     ?Subroutine5:
   \   000000   85..82       MOV     DPL,?XSP + 0
   \   000003   85..83       MOV     DPH,?XSP + 1
   \   000006   E0           MOVX    A,@DPTR
   \   000007   2403         ADD     A,#0x3
   \   000009   FA           MOV     R2,A
   \   00000A   A3           INC     DPTR
   \   00000B   E0           MOVX    A,@DPTR
   \   00000C   3400         ADDC    A,#0x0
   \   00000E   FB           MOV     R3,A
   \   00000F   22           RET

   \                                 In  segment BANKED_CODE, align 1, keep-with-next
   \                     ?Subroutine4:
   \   000000   A3           INC     DPTR
   \   000001   E0           MOVX    A,@DPTR
   \   000002   3400         ADDC    A,#0x0
   \   000004   F9           MOV     R1,A
   \   000005   8882         MOV     DPL,R0
   \   000007   8983         MOV     DPH,R1
   \   000009   E0           MOVX    A,@DPTR
   \   00000A   22           RET

   \                                 In  segment BANKED_CODE, align 1, keep-with-next
   \                     ?Subroutine3:
   \   000000   12....       LCALL   ?Subroutine8 & 0xFFFF
   \                     ??CrossCallReturnLabel_15:
   \   000003   E0           MOVX    A,@DPTR
   \   000004   22           RET

   \                                 In  segment BANKED_CODE, align 1, keep-with-next
   \                     ?Subroutine2:
   \   000000   12....       LCALL   ?Subroutine8 & 0xFFFF
   \                     ??CrossCallReturnLabel_14:
   \   000003   A3           INC     DPTR
   \   000004   22           RET

   \                                 In  segment BANKED_CODE, align 1, keep-with-next
   \                     ?Subroutine8:
   \   000000   12....       LCALL   ?Subroutine9 & 0xFFFF
   \                     ??CrossCallReturnLabel_23:
   \   000003   A3           INC     DPTR
   \   000004   A3           INC     DPTR
   \   000005   22           RET

   \                                 In  segment BANKED_CODE, align 1, keep-with-next
   \                     ?Subroutine1:
   \   000000   12....       LCALL   ??Subroutine11_0 & 0xFFFF
   \                     ??CrossCallReturnLabel_21:
   \   000003   A3           INC     DPTR
   \   000004   A3           INC     DPTR
   \   000005   A3           INC     DPTR
   \   000006   A3           INC     DPTR
   \   000007   A3           INC     DPTR
   \   000008   A3           INC     DPTR
   \   000009   A3           INC     DPTR
   \   00000A   A3           INC     DPTR
   \   00000B   E0           MOVX    A,@DPTR
   \   00000C   22           RET

   \                                 In  segment BANKED_CODE, align 1, keep-with-next
   \                     ?Subroutine9:
   \   000000   85..82       MOV     DPL,?XSP + 0
   \   000003   85..83       MOV     DPH,?XSP + 1
   \   000006   E0           MOVX    A,@DPTR
   \   000007   F8           MOV     R0,A
   \   000008                REQUIRE ??Subroutine11_0
   \   000008                ; // Fall through to label ??Subroutine11_0

   \                                 In  segment BANKED_CODE, align 1, keep-with-next
   \                     ??Subroutine11_0:
   \   000000   A3           INC     DPTR
   \   000001                REQUIRE ??Subroutine12_0
   \   000001                ; // Fall through to label ??Subroutine12_0

   \                                 In  segment BANKED_CODE, align 1, keep-with-next
   \                     ??Subroutine12_0:
   \   000000   E0           MOVX    A,@DPTR
   \   000001   F583         MOV     DPH,A
   \   000003   8882         MOV     DPL,R0
   \   000005   22           RET

   \                                 In  segment BANKED_CODE, align 1, keep-with-next
   \                     ?Subroutine0:
   \   000000   E0           MOVX    A,@DPTR
   \   000001   FA           MOV     R2,A
   \   000002   A3           INC     DPTR
   \   000003   E0           MOVX    A,@DPTR
   \   000004   FB           MOV     R3,A
   \   000005   12....       LCALL   ??osal_msg_allocate?relay
   \   000008   8A..         MOV     ?V0 + 4,R2
   \   00000A   8B..         MOV     ?V0 + 5,R3
   \   00000C   AE..         MOV     R6,?V0 + 4
   \   00000E   AF..         MOV     R7,?V0 + 5
   \   000010   EE           MOV     A,R6
   \   000011   4F           ORL     A,R7
   \   000012   22           RET
    278          #else  // ifdef MT_MAC_CB_FUNC
    279          {
    280            /* Check if MT has subscribed for this callback If so, pass it as an event to MonitorTest */
    281            switch (pData->hdr.event)
    282            {
    283              case MAC_MLME_ASSOCIATE_IND:
    284                if ( _macCallbackSub & CB_ID_NWK_ASSOCIATE_IND )
    285                  nwk_MTCallbackSubNwkAssociateInd ( (ZMacAssociateInd_t *)pData );
    286                break;
    287          
    288              case MAC_MLME_ASSOCIATE_CNF:
    289                if ( _macCallbackSub & CB_ID_NWK_ASSOCIATE_CNF )
    290                  nwk_MTCallbackSubNwkAssociateCnf ( (ZMacAssociateCnf_t *)pData );
    291                break;
    292          
    293              case MAC_MLME_DISASSOCIATE_IND:
    294                if ( _macCallbackSub & CB_ID_NWK_DISASSOCIATE_IND )
    295                  nwk_MTCallbackSubNwkDisassociateInd ( (ZMacDisassociateInd_t *)pData );
    296                break;
    297          
    298              case MAC_MLME_DISASSOCIATE_CNF:
    299                if ( _macCallbackSub & CB_ID_NWK_DISASSOCIATE_CNF )
    300                  nwk_MTCallbackSubNwkDisassociateCnf ( (ZMacDisassociateCnf_t *)pData );
    301                break;
    302          
    303              case MAC_MLME_BEACON_NOTIFY_IND:
    304                if ( _macCallbackSub & CB_ID_NWK_BEACON_NOTIFY_IND )
    305                  nwk_MTCallbackSubNwkBeaconNotifyInd( (ZMacBeaconNotifyInd_t *)pData );
    306                break;
    307          
    308              case MAC_MLME_ORPHAN_IND:
    309                if ( _macCallbackSub & CB_ID_NWK_ORPHAN_IND )
    310                  nwk_MTCallbackSubNwkOrphanInd( (ZMacOrphanInd_t *) pData );
    311                break;
    312          
    313              case MAC_MLME_SCAN_CNF:
    314                if ( _macCallbackSub & CB_ID_NWK_SCAN_CNF )
    315                {
    316                  pData->scanCnf.result.pEnergyDetect = ZMac_ScanBuf;
    317                  nwk_MTCallbackSubNwkScanCnf ( (ZMacScanCnf_t *) pData );
    318                }
    319          
    320                if (ZMac_ScanBuf != NULL)
    321                {
    322                  void *pTmp = ZMac_ScanBuf;
    323                  ZMac_ScanBuf = NULL;
    324                  osal_mem_free(pTmp);
    325                }
    326                break;
    327          
    328              case MAC_MLME_START_CNF:
    329                if ( _macCallbackSub & CB_ID_NWK_START_CNF )
    330                  nwk_MTCallbackSubNwkStartCnf ( pData->hdr.status );
    331                break;
    332          
    333              case MAC_MLME_SYNC_LOSS_IND:
    334                if ( _macCallbackSub & CB_ID_NWK_SYNC_LOSS_IND )
    335                 nwk_MTCallbackSubNwkSyncLossInd( (ZMacSyncLossInd_t *) pData );
    336                break;
    337          
    338              case MAC_MLME_POLL_CNF:
    339                if ( _macCallbackSub & CB_ID_NWK_POLL_CNF )
    340                   nwk_MTCallbackSubNwkPollCnf( pData->hdr.status );
    341                break;
    342          
    343              case MAC_MLME_COMM_STATUS_IND:
    344                if ( _macCallbackSub & CB_ID_NWK_COMM_STATUS_IND )
    345                  nwk_MTCallbackSubCommStatusInd ( (ZMacCommStatusInd_t *) pData );
    346                break;
    347          
    348              case MAC_MCPS_DATA_CNF:
    349                mac_msg_deallocate((uint8**)&pData->dataCnf.pDataReq);
    350          
    351                if ( _macCallbackSub & CB_ID_NWK_DATA_CNF )
    352                  nwk_MTCallbackSubNwkDataCnf( (ZMacDataCnf_t *) pData );
    353                break;
    354          
    355              case MAC_MCPS_DATA_IND:
    356                  {
    357                    /*
    358                       Data Ind is unconventional: to save an alloc/copy, reuse the MAC
    359                       buffer and re-organize the contents into ZMAC format.
    360                    */
    361                    ZMacDataInd_t *pDataInd = (ZMacDataInd_t *) pData;
    362                    uint8 event, status, len, *msdu;
    363          
    364                    /* Store parameters */
    365                    event = pData->hdr.event;
    366                    status = pData->hdr.status;
    367                    len = pData->dataInd.msdu.len;
    368                    msdu = pData->dataInd.msdu.p;
    369          
    370                    /* Copy header */
    371                    osal_memcpy(&pDataInd->SrcAddr, &pData->dataInd.mac, sizeof(ZMacDataInd_t) - sizeof(ZMacEventHdr_t));
    372          
    373                    /* Security - set to zero for now*/
    374                    pDataInd->Sec.SecurityLevel = false;
    375          
    376                    /* Restore parameters */
    377                    pDataInd->hdr.Status = status;
    378                    pDataInd->hdr.Event = event;
    379                    pDataInd->msduLength = len;
    380          
    381                    if (len)
    382                      pDataInd->msdu = msdu;
    383                    else
    384                      pDataInd->msdu = NULL;
    385          
    386                    if ( _macCallbackSub & CB_ID_NWK_DATA_IND )
    387                      nwk_MTCallbackSubNwkDataInd ( pDataInd );
    388          
    389                    /* free buffer */
    390                    mac_msg_deallocate( (uint8 **)&pData );
    391                  }
    392                  break;
    393          
    394              case MAC_MCPS_PURGE_CNF:
    395                if ( _macCallbackSub & CB_ID_NWK_PURGE_CNF )
    396                  nwk_MTCallbackSubNwkPurgeCnf( (ZMacPurgeCnf_t *) pData);
    397                break;
    398          
    399              default:
    400                break;
    401            }
    402          }
    403          #endif
    404          
    405          /********************************************************************************************************
    406           * @fn      MAC_CbackCheckPending
    407           *
    408           * @brief   Return number of pending indirect msg
    409           *
    410           * @param   None
    411           *
    412           * @return  Number of indirect msg holding
    413           ********************************************************************************************************/

   \                                 In  segment BANKED_CODE, align 1, keep-with-next
    414          uint8 MAC_CbackCheckPending(void)
   \                     MAC_CbackCheckPending:
    415          {
   \   000000                ; Saved register size: 0
   \   000000                ; Auto size: 0
    416          #if !defined (NONWK)
    417            if ( ZSTACK_ROUTER_BUILD )
    418            {
    419              return (nwkDB_ReturnIndirectHoldingCnt());
    420            }
    421            else
    422            {
    423              return (0);
   \   000000   7900         MOV     R1,#0x0
   \   000002   02....       LJMP    ?BRET
    424            }
    425          #else
    426            return (0);
    427          #endif
    428          }

   \                                 In  segment BANK_RELAYS, align 1
   \                     ??MAC_CbackEvent?relay:
   \   000000   12....       LCALL   ?BDISPATCH
   \   000003   ......       DC24    MAC_CbackEvent

   \                                 In  segment BANK_RELAYS, align 1
   \                     ??MAC_CbackCheckPending?relay:
   \   000000   12....       LCALL   ?BDISPATCH
   \   000003   ......       DC24    MAC_CbackCheckPending

   Maximum stack usage in bytes:

     Function                ISTACK PSTACK XSTACK
     --------                ------ ------ ------
     MAC_CbackCheckPending       0      0      0
     MAC_CbackEvent              0      0     29
       -> MAC_MlmeGetReq         0      0     52
       -> mac_msg_deallocate     0      0     52
       -> osal_msg_allocate      0      0     52
       -> mac_msg_deallocate     0      0     52
       -> osal_msg_allocate      0      0     52
       -> osal_memcpy            0      0     58
       -> osal_memcpy            0      0     58
       -> osal_memcpy            0      0     58
       -> osal_memcpy            0      0     58
       -> osal_memcpy            0      0     58
       -> osal_mem_free          0      0     52
       -> nwk_broadcastSend      0      0     52
       -> osal_msg_send          0      0     52
       -> mac_msg_deallocate     0      0     52


   Segment part sizes:

     Function/Label                Bytes
     --------------                -----
     _A_IEN0                          1
     zmacCBSizeTable                 17
     pZMac_AppCallback                2
     MAC_CbackEvent                 783
     ?Subroutine7                     1
     ??Subroutine10_0                 6
     ?Subroutine6                    10
     ?Subroutine5                    16
     ?Subroutine4                    11
     ?Subroutine3                     5
     ?Subroutine2                     5
     ?Subroutine8                     6
     ?Subroutine1                    13
     ?Subroutine9                     8
     ??Subroutine11_0                 1
     ??Subroutine12_0                 6
     ?Subroutine0                    19
     MAC_CbackCheckPending            5
     ??MAC_CbackEvent?relay           6
     ??MAC_CbackCheckPending?relay    6

 
 895 bytes in segment BANKED_CODE
  12 bytes in segment BANK_RELAYS
  17 bytes in segment CODE_C
   1 byte  in segment SFR_AN
   2 bytes in segment XDATA_Z
 
 924 bytes of CODE  memory
   0 bytes of DATA  memory (+ 1 byte shared)
   2 bytes of XDATA memory

Errors: none
Warnings: none
