###############################################################################
#                                                                             #
# IAR C/C++ Compiler V8.10.3.10338/W32 for 8051         03/May/2014  09:19:30 #
# Copyright 2004-2011 IAR Systems AB.                                         #
#                                                                             #
#    Core               =  plain                                              #
#    Code model         =  banked                                             #
#    Data model         =  large                                              #
#    Calling convention =  xdata reentrant                                    #
#    Constant location  =  data_rom                                           #
#    Dptr setup         =  1,16                                               #
#    Source file        =  F:\Ò×Ë¼CC2530_1B×ÊÁÏ¹âÅÌ\Àı³ÌÔ´Âë\3.ÏîÄ¿Êµ¼ù\3.ÏîÄ #
#                          ¿Êµ¼ù\8.ÎŞÏß´«¸ĞÆ÷ÍøÂç£¨×Ô×éÍøÓëÊı¾İ´«Êä£©\Compone #
#                          nts\hal\common\hal_assert.c                        #
#    Command line       =  -f F:\Ò×Ë¼CC2530_1B×ÊÁÏ¹âÅÌ\Àı³ÌÔ´Âë\3.ÏîÄ¿Êµ¼ù\3. #
#                          ÏîÄ¿Êµ¼ù\8.ÎŞÏß´«¸ĞÆ÷ÍøÂç£¨×Ô×éÍøÓëÊı¾İ´«Êä£©\Proj #
#                          ects\zstack\Samples\ÎŞÏß´«¸ĞÆ÷ÍøÂç£¨×Ô×éÍø£©\CC253 #
#                          0DB\..\..\..\Tools\CC2530DB\f8wCoord.cfg           #
#                          (-DCPU32MHZ -DROOT=__near_func                     #
#                          -DMAC_CFG_APP_PENDING_QUEUE=TRUE                   #
#                          -DZDO_COORDINATOR -DRTR_NWK -DBLINK_LEDS) -f       #
#                          F:\Ò×Ë¼CC2530_1B×ÊÁÏ¹âÅÌ\Àı³ÌÔ´Âë\3.ÏîÄ¿Êµ¼ù\3.ÏîÄ #
#                          ¿Êµ¼ù\8.ÎŞÏß´«¸ĞÆ÷ÍøÂç£¨×Ô×éÍøÓëÊı¾İ´«Êä£©\Project #
#                          s\zstack\Samples\ÎŞÏß´«¸ĞÆ÷ÍøÂç£¨×Ô×éÍø£©\CC2530DB #
#                          \..\..\..\Tools\CC2530DB\f8wConfig.cfg             #
#                          (-DSECURE=0 -DZG_SECURE_DYNAMIC=0 -DREFLECTOR      #
#                          -DDEFAULT_CHANLIST=0x00000800                      #
#                          -DZDAPP_CONFIG_PAN_ID=0xFFF0                       #
#                          -DNWK_START_DELAY=100 -DEXTENDED_JOINING_RANDOM_MA #
#                          SK=0x007F -DBEACON_REQUEST_DELAY=100               #
#                          -DBEACON_REQ_DELAY_MASK=0x00FF                     #
#                          -DROUTE_EXPIRY_TIME=30 -DAPSC_ACK_WAIT_DURATION_PO #
#                          LLED=3000 -DNWK_INDIRECT_MSG_TIMEOUT=7             #
#                          -DMAX_RREQ_ENTRIES=8 -DAPSC_MAX_FRAME_RETRIES=3    #
#                          -DNWK_MAX_DATA_RETRIES=2                           #
#                          -DMAX_POLL_FAILURE_RETRIES=2 -DMAX_BCAST=9         #
#                          -DAPS_MAX_GROUPS=16 -DMAX_RTG_ENTRIES=40           #
#                          -DNWK_MAX_BINDING_ENTRIES=4                        #
#                          -DMAX_BINDING_CLUSTER_IDS=4 "-DDEFAULT_KEY={0x01,  #
#                          0x03, 0x05, 0x07, 0x09, 0x0B, 0x0D, 0x0F, 0x00,    #
#                          0x02, 0x04, 0x06, 0x08, 0x0A, 0x0C, 0x0D}"         #
#                          -DMAC_MAX_FRAME_SIZE=116 "-DCONST=const __code"    #
#                          -DGENERIC=__generic -DRFD_RCVC_ALWAYS_ON=FALSE     #
#                          -DPOLL_RATE=1000 -DQUEUED_POLL_RATE=100            #
#                          -DRESPONSE_POLL_RATE=100) -DREJOIN_POLL_RATE=440   #
#                          F:\Ò×Ë¼CC2530_1B×ÊÁÏ¹âÅÌ\Àı³ÌÔ´Âë\3.ÏîÄ¿Êµ¼ù\3.ÏîÄ #
#                          ¿Êµ¼ù\8.ÎŞÏß´«¸ĞÆ÷ÍøÂç£¨×Ô×éÍøÓëÊı¾İ´«Êä£©\Compone #
#                          nts\hal\common\hal_assert.c -D ZIGBEEPRO -D        #
#                          ZTOOL_P1 -D MT_TASK -D MT_SYS_FUNC -D              #
#                          xMT_ZDO_FUNC -D LCD_SUPPORTED=DEBUG -D NV_RESTORE  #
#                          -lC F:\Ò×Ë¼CC2530_1B×ÊÁÏ¹âÅÌ\Àı³ÌÔ´Âë\3.ÏîÄ¿Êµ¼ù\3 #
#                          .ÏîÄ¿Êµ¼ù\8.ÎŞÏß´«¸ĞÆ÷ÍøÂç£¨×Ô×éÍøÓëÊı¾İ´«Êä£©\Pro #
#                          jects\zstack\Samples\ÎŞÏß´«¸ĞÆ÷ÍøÂç£¨×Ô×éÍø£©\CC25 #
#                          30DB\CoordinatorEB\List\ -lA                       #
#                          F:\Ò×Ë¼CC2530_1B×ÊÁÏ¹âÅÌ\Àı³ÌÔ´Âë\3.ÏîÄ¿Êµ¼ù\3.ÏîÄ #
#                          ¿Êµ¼ù\8.ÎŞÏß´«¸ĞÆ÷ÍøÂç£¨×Ô×éÍøÓëÊı¾İ´«Êä£©\Project #
#                          s\zstack\Samples\ÎŞÏß´«¸ĞÆ÷ÍøÂç£¨×Ô×éÍø£©\CC2530DB #
#                          \CoordinatorEB\List\ --diag_suppress Pe001,Pa010   #
#                          -o F:\Ò×Ë¼CC2530_1B×ÊÁÏ¹âÅÌ\Àı³ÌÔ´Âë\3.ÏîÄ¿Êµ¼ù\3. #
#                          ÏîÄ¿Êµ¼ù\8.ÎŞÏß´«¸ĞÆ÷ÍøÂç£¨×Ô×éÍøÓëÊı¾İ´«Êä£©\Proj #
#                          ects\zstack\Samples\ÎŞÏß´«¸ĞÆ÷ÍøÂç£¨×Ô×éÍø£©\CC253 #
#                          0DB\CoordinatorEB\Obj\ -e --debug --core=plain     #
#                          --dptr=16,1 --data_model=large                     #
#                          --code_model=banked --calling_convention=xdata_ree #
#                          ntrant --place_constants=data_rom                  #
#                          --nr_virtual_regs 16 -I F:\Ò×Ë¼CC2530_1B×ÊÁÏ¹âÅÌ\À #
#                          ı³ÌÔ´Âë\3.ÏîÄ¿Êµ¼ù\3.ÏîÄ¿Êµ¼ù\8.ÎŞÏß´«¸ĞÆ÷ÍøÂç£¨×Ô #
#                          ×éÍøÓëÊı¾İ´«Êä£©\Projects\zstack\Samples\ÎŞÏß´«¸ĞÆ #
#                          ÷ÍøÂç£¨×Ô×éÍø£©\CC2530DB\ -I                       #
#                          F:\Ò×Ë¼CC2530_1B×ÊÁÏ¹âÅÌ\Àı³ÌÔ´Âë\3.ÏîÄ¿Êµ¼ù\3.ÏîÄ #
#                          ¿Êµ¼ù\8.ÎŞÏß´«¸ĞÆ÷ÍøÂç£¨×Ô×éÍøÓëÊı¾İ´«Êä£©\Project #
#                          s\zstack\Samples\ÎŞÏß´«¸ĞÆ÷ÍøÂç£¨×Ô×éÍø£©\CC2530DB #
#                          \..\SOURCE\ -I F:\Ò×Ë¼CC2530_1B×ÊÁÏ¹âÅÌ\Àı³ÌÔ´Âë\3 #
#                          .ÏîÄ¿Êµ¼ù\3.ÏîÄ¿Êµ¼ù\8.ÎŞÏß´«¸ĞÆ÷ÍøÂç£¨×Ô×éÍøÓëÊı¾ #
#                          İ´«Êä£©\Projects\zstack\Samples\ÎŞÏß´«¸ĞÆ÷ÍøÂç£¨×Ô #
#                          ×éÍø£©\CC2530DB\..\..\..\ZMAIN\TI2530DB\ -I        #
#                          F:\Ò×Ë¼CC2530_1B×ÊÁÏ¹âÅÌ\Àı³ÌÔ´Âë\3.ÏîÄ¿Êµ¼ù\3.ÏîÄ #
#                          ¿Êµ¼ù\8.ÎŞÏß´«¸ĞÆ÷ÍøÂç£¨×Ô×éÍøÓëÊı¾İ´«Êä£©\Project #
#                          s\zstack\Samples\ÎŞÏß´«¸ĞÆ÷ÍøÂç£¨×Ô×éÍø£©\CC2530DB #
#                          \..\..\..\..\..\COMPONENTS\MT\ -I                  #
#                          F:\Ò×Ë¼CC2530_1B×ÊÁÏ¹âÅÌ\Àı³ÌÔ´Âë\3.ÏîÄ¿Êµ¼ù\3.ÏîÄ #
#                          ¿Êµ¼ù\8.ÎŞÏß´«¸ĞÆ÷ÍøÂç£¨×Ô×éÍøÓëÊı¾İ´«Êä£©\Project #
#                          s\zstack\Samples\ÎŞÏß´«¸ĞÆ÷ÍøÂç£¨×Ô×éÍø£©\CC2530DB #
#                          \..\..\..\..\..\COMPONENTS\HAL\INCLUDE\ -I         #
#                          F:\Ò×Ë¼CC2530_1B×ÊÁÏ¹âÅÌ\Àı³ÌÔ´Âë\3.ÏîÄ¿Êµ¼ù\3.ÏîÄ #
#                          ¿Êµ¼ù\8.ÎŞÏß´«¸ĞÆ÷ÍøÂç£¨×Ô×éÍøÓëÊı¾İ´«Êä£©\Project #
#                          s\zstack\Samples\ÎŞÏß´«¸ĞÆ÷ÍøÂç£¨×Ô×éÍø£©\CC2530DB #
#                          \..\..\..\..\..\COMPONENTS\HAL\TARGET\CC2530EB\    #
#                          -I F:\Ò×Ë¼CC2530_1B×ÊÁÏ¹âÅÌ\Àı³ÌÔ´Âë\3.ÏîÄ¿Êµ¼ù\3. #
#                          ÏîÄ¿Êµ¼ù\8.ÎŞÏß´«¸ĞÆ÷ÍøÂç£¨×Ô×éÍøÓëÊı¾İ´«Êä£©\Proj #
#                          ects\zstack\Samples\ÎŞÏß´«¸ĞÆ÷ÍøÂç£¨×Ô×éÍø£©\CC253 #
#                          0DB\..\..\..\..\..\COMPONENTS\OSAL\MCU\CCSOC\ -I   #
#                          F:\Ò×Ë¼CC2530_1B×ÊÁÏ¹âÅÌ\Àı³ÌÔ´Âë\3.ÏîÄ¿Êµ¼ù\3.ÏîÄ #
#                          ¿Êµ¼ù\8.ÎŞÏß´«¸ĞÆ÷ÍøÂç£¨×Ô×éÍøÓëÊı¾İ´«Êä£©\Project #
#                          s\zstack\Samples\ÎŞÏß´«¸ĞÆ÷ÍøÂç£¨×Ô×éÍø£©\CC2530DB #
#                          \..\..\..\..\..\COMPONENTS\OSAL\INCLUDE\ -I        #
#                          F:\Ò×Ë¼CC2530_1B×ÊÁÏ¹âÅÌ\Àı³ÌÔ´Âë\3.ÏîÄ¿Êµ¼ù\3.ÏîÄ #
#                          ¿Êµ¼ù\8.ÎŞÏß´«¸ĞÆ÷ÍøÂç£¨×Ô×éÍøÓëÊı¾İ´«Êä£©\Project #
#                          s\zstack\Samples\ÎŞÏß´«¸ĞÆ÷ÍøÂç£¨×Ô×éÍø£©\CC2530DB #
#                          \..\..\..\..\..\COMPONENTS\STACK\AF\ -I            #
#                          F:\Ò×Ë¼CC2530_1B×ÊÁÏ¹âÅÌ\Àı³ÌÔ´Âë\3.ÏîÄ¿Êµ¼ù\3.ÏîÄ #
#                          ¿Êµ¼ù\8.ÎŞÏß´«¸ĞÆ÷ÍøÂç£¨×Ô×éÍøÓëÊı¾İ´«Êä£©\Project #
#                          s\zstack\Samples\ÎŞÏß´«¸ĞÆ÷ÍøÂç£¨×Ô×éÍø£©\CC2530DB #
#                          \..\..\..\..\..\COMPONENTS\STACK\NWK\ -I           #
#                          F:\Ò×Ë¼CC2530_1B×ÊÁÏ¹âÅÌ\Àı³ÌÔ´Âë\3.ÏîÄ¿Êµ¼ù\3.ÏîÄ #
#                          ¿Êµ¼ù\8.ÎŞÏß´«¸ĞÆ÷ÍøÂç£¨×Ô×éÍøÓëÊı¾İ´«Êä£©\Project #
#                          s\zstack\Samples\ÎŞÏß´«¸ĞÆ÷ÍøÂç£¨×Ô×éÍø£©\CC2530DB #
#                          \..\..\..\..\..\COMPONENTS\STACK\SEC\ -I           #
#                          F:\Ò×Ë¼CC2530_1B×ÊÁÏ¹âÅÌ\Àı³ÌÔ´Âë\3.ÏîÄ¿Êµ¼ù\3.ÏîÄ #
#                          ¿Êµ¼ù\8.ÎŞÏß´«¸ĞÆ÷ÍøÂç£¨×Ô×éÍøÓëÊı¾İ´«Êä£©\Project #
#                          s\zstack\Samples\ÎŞÏß´«¸ĞÆ÷ÍøÂç£¨×Ô×éÍø£©\CC2530DB #
#                          \..\..\..\..\..\COMPONENTS\STACK\SAPI\ -I          #
#                          F:\Ò×Ë¼CC2530_1B×ÊÁÏ¹âÅÌ\Àı³ÌÔ´Âë\3.ÏîÄ¿Êµ¼ù\3.ÏîÄ #
#                          ¿Êµ¼ù\8.ÎŞÏß´«¸ĞÆ÷ÍøÂç£¨×Ô×éÍøÓëÊı¾İ´«Êä£©\Project #
#                          s\zstack\Samples\ÎŞÏß´«¸ĞÆ÷ÍøÂç£¨×Ô×éÍø£©\CC2530DB #
#                          \..\..\..\..\..\COMPONENTS\STACK\SYS\ -I           #
#                          F:\Ò×Ë¼CC2530_1B×ÊÁÏ¹âÅÌ\Àı³ÌÔ´Âë\3.ÏîÄ¿Êµ¼ù\3.ÏîÄ #
#                          ¿Êµ¼ù\8.ÎŞÏß´«¸ĞÆ÷ÍøÂç£¨×Ô×éÍøÓëÊı¾İ´«Êä£©\Project #
#                          s\zstack\Samples\ÎŞÏß´«¸ĞÆ÷ÍøÂç£¨×Ô×éÍø£©\CC2530DB #
#                          \..\..\..\..\..\COMPONENTS\STACK\ZDO\ -I           #
#                          F:\Ò×Ë¼CC2530_1B×ÊÁÏ¹âÅÌ\Àı³ÌÔ´Âë\3.ÏîÄ¿Êµ¼ù\3.ÏîÄ #
#                          ¿Êµ¼ù\8.ÎŞÏß´«¸ĞÆ÷ÍøÂç£¨×Ô×éÍøÓëÊı¾İ´«Êä£©\Project #
#                          s\zstack\Samples\ÎŞÏß´«¸ĞÆ÷ÍøÂç£¨×Ô×éÍø£©\CC2530DB #
#                          \..\..\..\..\..\COMPONENTS\ZMAC\F8W\ -I            #
#                          F:\Ò×Ë¼CC2530_1B×ÊÁÏ¹âÅÌ\Àı³ÌÔ´Âë\3.ÏîÄ¿Êµ¼ù\3.ÏîÄ #
#                          ¿Êµ¼ù\8.ÎŞÏß´«¸ĞÆ÷ÍøÂç£¨×Ô×éÍøÓëÊı¾İ´«Êä£©\Project #
#                          s\zstack\Samples\ÎŞÏß´«¸ĞÆ÷ÍøÂç£¨×Ô×éÍø£©\CC2530DB #
#                          \..\..\..\..\..\COMPONENTS\ZMAC\ -I                #
#                          F:\Ò×Ë¼CC2530_1B×ÊÁÏ¹âÅÌ\Àı³ÌÔ´Âë\3.ÏîÄ¿Êµ¼ù\3.ÏîÄ #
#                          ¿Êµ¼ù\8.ÎŞÏß´«¸ĞÆ÷ÍøÂç£¨×Ô×éÍøÓëÊı¾İ´«Êä£©\Project #
#                          s\zstack\Samples\ÎŞÏß´«¸ĞÆ÷ÍøÂç£¨×Ô×éÍø£©\CC2530DB #
#                          \..\..\..\..\..\COMPONENTS\SERVICES\SADDR\ -I      #
#                          F:\Ò×Ë¼CC2530_1B×ÊÁÏ¹âÅÌ\Àı³ÌÔ´Âë\3.ÏîÄ¿Êµ¼ù\3.ÏîÄ #
#                          ¿Êµ¼ù\8.ÎŞÏß´«¸ĞÆ÷ÍøÂç£¨×Ô×éÍøÓëÊı¾İ´«Êä£©\Project #
#                          s\zstack\Samples\ÎŞÏß´«¸ĞÆ÷ÍøÂç£¨×Ô×éÍø£©\CC2530DB #
#                          \..\..\..\..\..\COMPONENTS\SERVICES\SDATA\ -I      #
#                          F:\Ò×Ë¼CC2530_1B×ÊÁÏ¹âÅÌ\Àı³ÌÔ´Âë\3.ÏîÄ¿Êµ¼ù\3.ÏîÄ #
#                          ¿Êµ¼ù\8.ÎŞÏß´«¸ĞÆ÷ÍøÂç£¨×Ô×éÍøÓëÊı¾İ´«Êä£©\Project #
#                          s\zstack\Samples\ÎŞÏß´«¸ĞÆ÷ÍøÂç£¨×Ô×éÍø£©\CC2530DB #
#                          \..\..\..\..\..\COMPONENTS\MAC\INCLUDE\ -I         #
#                          F:\Ò×Ë¼CC2530_1B×ÊÁÏ¹âÅÌ\Àı³ÌÔ´Âë\3.ÏîÄ¿Êµ¼ù\3.ÏîÄ #
#                          ¿Êµ¼ù\8.ÎŞÏß´«¸ĞÆ÷ÍøÂç£¨×Ô×éÍøÓëÊı¾İ´«Êä£©\Project #
#                          s\zstack\Samples\ÎŞÏß´«¸ĞÆ÷ÍøÂç£¨×Ô×éÍø£©\CC2530DB #
#                          \..\..\..\..\..\COMPONENTS\MAC\HIGH_LEVEL\ -I      #
#                          F:\Ò×Ë¼CC2530_1B×ÊÁÏ¹âÅÌ\Àı³ÌÔ´Âë\3.ÏîÄ¿Êµ¼ù\3.ÏîÄ #
#                          ¿Êµ¼ù\8.ÎŞÏß´«¸ĞÆ÷ÍøÂç£¨×Ô×éÍøÓëÊı¾İ´«Êä£©\Project #
#                          s\zstack\Samples\ÎŞÏß´«¸ĞÆ÷ÍøÂç£¨×Ô×éÍø£©\CC2530DB #
#                          \..\..\..\..\..\COMPONENTS\MAC\LOW_LEVEL\srf04\    #
#                          -I F:\Ò×Ë¼CC2530_1B×ÊÁÏ¹âÅÌ\Àı³ÌÔ´Âë\3.ÏîÄ¿Êµ¼ù\3. #
#                          ÏîÄ¿Êµ¼ù\8.ÎŞÏß´«¸ĞÆ÷ÍøÂç£¨×Ô×éÍøÓëÊı¾İ´«Êä£©\Proj #
#                          ects\zstack\Samples\ÎŞÏß´«¸ĞÆ÷ÍøÂç£¨×Ô×éÍø£©\CC253 #
#                          0DB\..\..\..\..\..\COMPONENTS\MAC\LOW_LEVEL\srf04\ #
#                          SINGLE_CHIP\ -Ohz --require_prototypes             #
#    List file          =  F:\Ò×Ë¼CC2530_1B×ÊÁÏ¹âÅÌ\Àı³ÌÔ´Âë\3.ÏîÄ¿Êµ¼ù\3.ÏîÄ #
#                          ¿Êµ¼ù\8.ÎŞÏß´«¸ĞÆ÷ÍøÂç£¨×Ô×éÍøÓëÊı¾İ´«Êä£©\Project #
#                          s\zstack\Samples\ÎŞÏß´«¸ĞÆ÷ÍøÂç£¨×Ô×éÍø£©\CC2530DB #
#                          \CoordinatorEB\List\hal_assert.lst                 #
#    Object file        =  F:\Ò×Ë¼CC2530_1B×ÊÁÏ¹âÅÌ\Àı³ÌÔ´Âë\3.ÏîÄ¿Êµ¼ù\3.ÏîÄ #
#                          ¿Êµ¼ù\8.ÎŞÏß´«¸ĞÆ÷ÍøÂç£¨×Ô×éÍøÓëÊı¾İ´«Êä£©\Project #
#                          s\zstack\Samples\ÎŞÏß´«¸ĞÆ÷ÍøÂç£¨×Ô×éÍø£©\CC2530DB #
#                          \CoordinatorEB\Obj\hal_assert.r51                  #
#                                                                             #
#                                                                             #
###############################################################################

F:\Ò×Ë¼CC2530_1B×ÊÁÏ¹âÅÌ\Àı³ÌÔ´Âë\3.ÏîÄ¿Êµ¼ù\3.ÏîÄ¿Êµ¼ù\8.ÎŞÏß´«¸ĞÆ÷ÍøÂç£¨×Ô×éÍøÓëÊı¾İ´«Êä£©\Components\hal\common\hal_assert.c
      1          /**************************************************************************************************
      2            Filename:       hal_assert.c
      3            Revised:        $Date: 2010-01-07 10:10:43 -0800 (Thu, 07 Jan 2010) $
      4            Revision:       $Revision: 21451 $
      5          
      6            Description:    Describe the purpose and contents of the file.
      7          
      8          
      9            Copyright 2006-2010 Texas Instruments Incorporated. All rights reserved.
     10          
     11            IMPORTANT: Your use of this Software is limited to those specific rights
     12            granted under the terms of a software license agreement between the user
     13            who downloaded the software, his/her employer (which must be your employer)
     14            and Texas Instruments Incorporated (the "License").  You may not use this
     15            Software unless you agree to abide by the terms of the License. The License
     16            limits your use, and you acknowledge, that the Software may not be modified,
     17            copied or distributed unless embedded on a Texas Instruments microcontroller
     18            or used solely and exclusively in conjunction with a Texas Instruments radio
     19            frequency transceiver, which is integrated into your product.  Other than for
     20            the foregoing purpose, you may not use, reproduce, copy, prepare derivative
     21            works of, modify, distribute, perform, display or sell this Software and/or
     22            its documentation for any purpose.
     23          
     24            YOU FURTHER ACKNOWLEDGE AND AGREE THAT THE SOFTWARE AND DOCUMENTATION ARE
     25            PROVIDED “AS IS” WITHOUT WARRANTY OF ANY KIND, EITHER EXPRESS OR IMPLIED,
     26            INCLUDING WITHOUT LIMITATION, ANY WARRANTY OF MERCHANTABILITY, TITLE,
     27            NON-INFRINGEMENT AND FITNESS FOR A PARTICULAR PURPOSE. IN NO EVENT SHALL
     28            TEXAS INSTRUMENTS OR ITS LICENSORS BE LIABLE OR OBLIGATED UNDER CONTRACT,
     29            NEGLIGENCE, STRICT LIABILITY, CONTRIBUTION, BREACH OF WARRANTY, OR OTHER
     30            LEGAL EQUITABLE THEORY ANY DIRECT OR INDIRECT DAMAGES OR EXPENSES
     31            INCLUDING BUT NOT LIMITED TO ANY INCIDENTAL, SPECIAL, INDIRECT, PUNITIVE
     32            OR CONSEQUENTIAL DAMAGES, LOST PROFITS OR LOST DATA, COST OF PROCUREMENT
     33            OF SUBSTITUTE GOODS, TECHNOLOGY, SERVICES, OR ANY CLAIMS BY THIRD PARTIES
     34            (INCLUDING BUT NOT LIMITED TO ANY DEFENSE THEREOF), OR OTHER SIMILAR COSTS.
     35          
     36            Should you have any questions regarding your right to use this Software,
     37            contact Texas Instruments Incorporated at www.TI.com.
     38          **************************************************************************************************/
     39          
     40          
     41          /* ------------------------------------------------------------------------------------------------
     42           *                                          Includes
     43           * ------------------------------------------------------------------------------------------------
     44           */
     45          #include "hal_assert.h"
     46          #include "hal_types.h"
     47          #include "hal_board.h"

   \                                 In  segment SFR_AN, at 0x80
   \   union <unnamed> volatile __sfr _A_P0
   \                     _A_P0:
   \   000000                DS 1

   \                                 In  segment SFR_AN, at 0x8f
   \   unsigned char volatile __sfr P0INP
   \                     P0INP:
   \   000000                DS 1

   \                                 In  segment SFR_AN, at 0x90
   \   union <unnamed> volatile __sfr _A_P1
   \                     _A_P1:
   \   000000                DS 1

   \                                 In  segment SFR_AN, at 0x9d
   \   unsigned char volatile __sfr SLEEPSTA
   \                     SLEEPSTA:
   \   000000                DS 1

   \                                 In  segment SFR_AN, at 0x9e
   \   unsigned char volatile __sfr CLKCONSTA
   \                     CLKCONSTA:
   \   000000                DS 1

   \                                 In  segment SFR_AN, at 0xa8
   \   union <unnamed> volatile __sfr _A_IEN0
   \                     _A_IEN0:
   \   000000                DS 1

   \                                 In  segment SFR_AN, at 0xbe
   \   unsigned char volatile __sfr SLEEPCMD
   \                     SLEEPCMD:
   \   000000                DS 1

   \                                 In  segment SFR_AN, at 0xc6
   \   unsigned char volatile __sfr CLKCONCMD
   \                     CLKCONCMD:
   \   000000                DS 1

   \                                 In  segment SFR_AN, at 0xfe
   \   unsigned char volatile __sfr P1DIR
   \                     P1DIR:
   \   000000                DS 1
     48          #include "hal_defs.h"
     49          #include "hal_mcu.h"
     50          
     51          #if (defined HAL_MCU_AVR) || (defined HAL_MCU_CC2430) || (defined HAL_MCU_CC2530) || \
     52            (defined HAL_MCU_CC2533) || (defined HAL_MCU_MSP430)
     53            /* for access to debug data */
     54            #include "mac_rx.h"
     55            #include "mac_tx.h"
     56          #endif
     57          
     58          /* ------------------------------------------------------------------------------------------------
     59           *                                       Local Prototypes
     60           * ------------------------------------------------------------------------------------------------
     61           */
     62          void halAssertHazardLights(void);
     63          
     64          
     65          /**************************************************************************************************
     66           * @fn          halAssertHandler
     67           *
     68           * @brief       Logic to handle an assert.
     69           *
     70           * @param       none
     71           *
     72           * @return      none
     73           **************************************************************************************************
     74           */

   \                                 In  segment BANKED_CODE, align 1, keep-with-next
     75          void halAssertHandler(void)
   \                     halAssertHandler:
     76          {
   \   000000   C082         PUSH    DPL
   \   000002   C083         PUSH    DPH
   \   000004                ; Saved register size: 2
   \   000004                ; Auto size: 0
     77            /* execute code that handles asserts */
     78          #ifdef ASSERT_RESET
     79            HAL_SYSTEM_RESET();
     80          #else
     81            halAssertHazardLights();
   \   000004                ; Setup parameters for call to function halAssertHazardLights
   \   000004   12....       LCALL   ??halAssertHazardLights?relay
     82          #endif
     83          
     84          }
   \   000007   D083         POP     DPH
   \   000009   D082         POP     DPL
   \   00000B   02....       LJMP    ?BRET
     85          
     86          
     87          /**************************************************************************************************
     88           * @fn          halAssertHazardLights
     89           *
     90           * @brief       Blink LEDs to indicate an error.
     91           *
     92           * @param       none
     93           *
     94           * @return      none
     95           **************************************************************************************************
     96           */

   \                                 In  segment BANKED_CODE, align 1, keep-with-next
     97          void halAssertHazardLights(void)
   \                     halAssertHazardLights:
     98          {
   \   000000   74F4         MOV     A,#-0xc
   \   000002   12....       LCALL   ?BANKED_ENTER_XDATA
   \   000005                ; Saved register size: 12
   \   000005                ; Auto size: 10
   \   000005   74F6         MOV     A,#-0xa
   \   000007   12....       LCALL   ?ALLOC_XSTACK8
     99            enum
    100            {
    101              DEBUG_DATA_RSTACK_HIGH_OFS,
    102              DEBUG_DATA_RSTACK_LOW_OFS,
    103              DEBUG_DATA_TX_ACTIVE_OFS,
    104              DEBUG_DATA_RX_ACTIVE_OFS,
    105          
    106          #if (defined HAL_MCU_AVR) || (defined HAL_MCU_CC2430)
    107              DEBUG_DATA_INT_MASK_OFS,
    108          #elif (defined HAL_MCU_CC2530) || (defined HAL_MCU_CC2533)
    109              DEBUG_DATA_INT_MASK0_OFS,
    110              DEBUG_DATA_INT_MASK1_OFS,
    111          #endif
    112          
    113              DEBUG_DATA_SIZE
    114            };
    115          
    116            uint8 buttonHeld;
    117            uint8 debugData[DEBUG_DATA_SIZE];
    118          
    119            /* disable all interrupts before anything else */
    120            HAL_DISABLE_INTERRUPTS();
   \   00000A   C2AF         CLR     0xa8.7
    121          
    122            /*-------------------------------------------------------------------------------
    123             *  Initialize LEDs and turn them off.
    124             */
    125            HAL_BOARD_INIT();
   \   00000C   53BEFB       ANL     0xbe,#0xfb
   \                     ??halAssertHazardLights_0:
   \   00000F   E59D         MOV     A,0x9d
   \   000011   A2E6         MOV     C,0xE0 /* A   */.6
   \   000013   50FA         JNC     ??halAssertHazardLights_0
   \   000015   00           NOP
   \   000016   78F8         MOV     R0,#-0x8
   \   000018   7901         MOV     R1,#0x1
   \                     ??halAssertHazardLights_1:
   \   00001A   00           NOP
   \   00001B   E8           MOV     A,R0
   \   00001C   24FF         ADD     A,#-0x1
   \   00001E   18           DEC     R0
   \   00001F   E9           MOV     A,R1
   \   000020   34FF         ADDC    A,#-0x1
   \   000022   F9           MOV     R1,A
   \   000023   E8           MOV     A,R0
   \   000024   49           ORL     A,R1
   \   000025   70F3         JNZ     ??halAssertHazardLights_1
   \   000027   75C600       MOV     0xc6,#0x0
   \                     ??halAssertHazardLights_2:
   \   00002A   E59E         MOV     A,0x9e
   \   00002C   70FC         JNZ     ??halAssertHazardLights_2
   \   00002E   43BE04       ORL     0xbe,#0x4
   \   000031   906270       MOV     DPTR,#0x6270
   \   000034   7408         MOV     A,#0x8
   \   000036   F0           MOVX    @DPTR,A
   \   000037   43FE01       ORL     0xfe,#0x1
   \   00003A   43FE02       ORL     0xfe,#0x2
   \   00003D   43FE10       ORL     0xfe,#0x10
   \   000040   438F01       ORL     0x8f,#0x1
    126          
    127            HAL_TURN_OFF_LED1();
   \   000043   C290         CLR     0x90.0
    128            HAL_TURN_OFF_LED2();
   \   000045   C291         CLR     0x90.1
    129            HAL_TURN_OFF_LED3();
   \   000047   C294         CLR     0x90.4
    130            HAL_TURN_OFF_LED4();
   \   000049   8017         SJMP    ??halAssertHazardLights_3
    131          
    132            /*-------------------------------------------------------------------------------
    133             *  Master infinite loop.
    134             */
    135            for (;;)
    136            {
    137              buttonHeld = 0;
    138          
    139              /*-------------------------------------------------------------------------------
    140               *  "Hazard lights" loop.  A held keypress will exit this loop.
    141               */
    142              do
    143              {
    144                HAL_LED_BLINK_DELAY();
    145          
    146                /* toggle LEDS, the #ifdefs are in case HAL has logically remapped non-existent LEDs */
    147          #if (HAL_NUM_LEDS >= 1)
    148                HAL_TOGGLE_LED1();
    149          #if (HAL_NUM_LEDS >= 2)
    150                HAL_TOGGLE_LED2();
    151          #if (HAL_NUM_LEDS >= 3)
    152                HAL_TOGGLE_LED3();
    153          #if (HAL_NUM_LEDS >= 4)
    154                HAL_TOGGLE_LED4();
    155          #endif
    156          #endif
    157          #endif
    158          #endif
    159          
    160                /* escape hatch to continue execution, set escape to '1' to continue execution */
    161                {
    162                  static uint8 escape = 0;
    163                  if (escape)
    164                  {
    165                    escape = 0;
    166                    return;
    167                  }
    168                }
    169          
    170                /* break out of loop if button is held long enough */
    171                if (HAL_PUSH_BUTTON1())
    172                {
    173                  buttonHeld++;
    174                }
    175                else
    176                {
    177                  buttonHeld = 0;
    178                }
    179              }
    180              while (buttonHeld != 10);  /* loop until button is held specified number of loops */
    181          
    182              /*-------------------------------------------------------------------------------
    183               *  Just exited from "hazard lights" loop.
    184               */
    185          
    186              /* turn off all LEDs */
    187              HAL_TURN_OFF_LED1();
    188              HAL_TURN_OFF_LED2();
    189              HAL_TURN_OFF_LED3();
    190              HAL_TURN_OFF_LED4();
    191          
    192              /* wait for button release */
    193              HAL_DEBOUNCE(!HAL_PUSH_BUTTON1());
    194          
    195              /*-------------------------------------------------------------------------------
    196               *  Load debug data into memory.
    197               */
    198          #ifdef HAL_MCU_AVR
    199              {
    200                uint8 * pStack;
    201                pStack = (uint8 *) SP;
    202                pStack++; /* point to return address on stack */
    203                debugData[DEBUG_DATA_RSTACK_HIGH_OFS] = *pStack;
    204                pStack++;
    205                debugData[DEBUG_DATA_RSTACK_LOW_OFS] = *pStack;
    206              }
    207              debugData[DEBUG_DATA_INT_MASK_OFS] = EIMSK;
    208          #endif
    209          
    210          #if (defined HAL_MCU_CC2430)
    211              debugData[DEBUG_DATA_INT_MASK_OFS] = RFIM;
    212          #elif (defined HAL_MCU_CC2530) || (defined HAL_MCU_CC2533)
    213              debugData[DEBUG_DATA_INT_MASK0_OFS] = RFIRQM0;
    214              debugData[DEBUG_DATA_INT_MASK1_OFS] = RFIRQM1;
    215          #endif
    216          
    217          
    218          #if (defined HAL_MCU_AVR) || (defined HAL_MCU_CC2430) || (defined HAL_MCU_CC2530) || \
    219            (defined HAL_MCU_CC2533) || (defined HAL_MCU_MSP430)
    220              debugData[DEBUG_DATA_TX_ACTIVE_OFS] = macTxActive;
    221              debugData[DEBUG_DATA_RX_ACTIVE_OFS] = macRxActive;
    222          #endif
    223          
    224             /* initialize for data dump loop */
    225              {
    226                uint8 iBit;
    227                uint8 iByte;
    228          
    229                iBit  = 0;
    230                iByte = 0;
    231          
    232                /*-------------------------------------------------------------------------------
    233                 *  Data dump loop.  A button press cycles data bits to an LED.
    234                 */
    235                while (iByte < DEBUG_DATA_SIZE)
    236                {
    237                  /* wait for key press */
    238                  while(!HAL_PUSH_BUTTON1());
    239          
    240                  /* turn on all LEDs for first bit of byte, turn on three LEDs if not first bit */
    241                  HAL_TURN_ON_LED1();
    242                  HAL_TURN_ON_LED2();
    243                  HAL_TURN_ON_LED3();
    244                  if (iBit == 0)
    245                  {
    246                    HAL_TURN_ON_LED4();
    247                  }
    248                  else
    249                  {
    250                    HAL_TURN_OFF_LED4();
    251                  }
    252          
    253                  /* wait for debounced key release */
    254                  HAL_DEBOUNCE(!HAL_PUSH_BUTTON1());
    255          
    256                  /* turn off all LEDs */
    257                  HAL_TURN_OFF_LED1();
    258                  HAL_TURN_OFF_LED2();
    259                  HAL_TURN_OFF_LED3();
    260                  HAL_TURN_OFF_LED4();
    261          
    262                  /* output value of data bit to LED1 */
    263                  if (debugData[iByte] & (1 << (7 - iBit)))
    264                  {
    265                    HAL_TURN_ON_LED1();
    266                  }
    267                  else
    268                  {
    269                    HAL_TURN_OFF_LED1();
   \                     ??halAssertHazardLights_4:
   \   00004B   C290         CLR     0x90.0
    270                  }
    271          
    272                  /* advance to next bit */
    273                  iBit++;
   \                     ??halAssertHazardLights_5:
   \   00004D   0B           INC     R3
    274                  if (iBit == 8)
   \   00004E   7408         MOV     A,#0x8
   \   000050   6B           XRL     A,R3
   \   000051   6003         JZ      $+5
   \   000053   02....       LJMP    ??halAssertHazardLights_6 & 0xFFFF
    275                  {
    276                    iBit = 0;
   \   000056   7B00         MOV     R3,#0x0
    277                    iByte++;
   \   000058   0A           INC     R2
    278                  }
   \   000059   EA           MOV     A,R2
   \   00005A   C3           CLR     C
   \   00005B   9406         SUBB    A,#0x6
   \   00005D   5003         JNC     $+5
   \   00005F   02....       LJMP    ??halAssertHazardLights_6 & 0xFFFF
    279                }
    280              }
    281          
    282              /*
    283               *  About to enter "hazard lights" loop again.  Turn off LED1 in case the last bit
    284               *  displayed happened to be one.  This guarantees all LEDs are off at the start of
    285               *  the flashing loop which uses a toggle operation to change LED states.
    286               */
    287              HAL_TURN_OFF_LED1();
   \                     ??halAssertHazardLights_3:
   \   000062   C290         CLR     0x90.0
   \                     ??halAssertHazardLights_7:
   \   000064   7900         MOV     R1,#0x0
   \                     ??halAssertHazardLights_8:
   \   000066   90....       MOV     DPTR,#__Constant_0
   \   000069   12....       LCALL   ?XLOAD_R2345
   \   00006C   7406         MOV     A,#0x6
   \   00006E   12....       LCALL   ?XSTACK_DISP0_8
   \   000071   12....       LCALL   ?XSTORE_R2345
   \   000074   8012         SJMP    ??halAssertHazardLights_9
   \                     ??halAssertHazardLights_10:
   \   000076   90....       MOV     DPTR,#__Constant_1
   \   000079   78..         MOV     R0,#?V0 + 0
   \   00007B   12....       LCALL   ?L_MOV_X
   \   00007E   7406         MOV     A,#0x6
   \   000080   12....       LCALL   ?XSTACK_DISP0_8
   \   000083   78..         MOV     R0,#?V0 + 0
   \   000085   12....       LCALL   ?L_ADD_TO_X
   \                     ??halAssertHazardLights_9:
   \   000088   7406         MOV     A,#0x6
   \   00008A   12....       LCALL   ?XSTACK_DISP0_8
   \   00008D   C082         PUSH    DPL
   \   00008F   C083         PUSH    DPH
   \   000091   90....       MOV     DPTR,#__Constant_5800
   \   000094   78..         MOV     R0,#?V0 + 0
   \   000096   12....       LCALL   ?L_MOV_X
   \   000099   D083         POP     DPH
   \   00009B   D082         POP     DPL
   \   00009D   78..         MOV     R0,#?V0 + 0
   \   00009F   12....       LCALL   ?UL_GT_X
   \   0000A2   40D2         JC      ??halAssertHazardLights_10
   \   0000A4   A290         MOV     C,0x90.0
   \   0000A6   5004         JNC     ??halAssertHazardLights_11
   \   0000A8   C290         CLR     0x90.0
   \   0000AA   8002         SJMP    ??halAssertHazardLights_12
   \                     ??halAssertHazardLights_11:
   \   0000AC   D290         SETB    0x90.0
   \                     ??halAssertHazardLights_12:
   \   0000AE   A291         MOV     C,0x90.1
   \   0000B0   5004         JNC     ??halAssertHazardLights_13
   \   0000B2   C291         CLR     0x90.1
   \   0000B4   8002         SJMP    ??halAssertHazardLights_14
   \                     ??halAssertHazardLights_13:
   \   0000B6   D291         SETB    0x90.1
   \                     ??halAssertHazardLights_14:
   \   0000B8   A294         MOV     C,0x90.4
   \   0000BA   5004         JNC     ??halAssertHazardLights_15
   \   0000BC   C294         CLR     0x90.4
   \   0000BE   8002         SJMP    ??halAssertHazardLights_16
   \                     ??halAssertHazardLights_15:
   \   0000C0   D294         SETB    0x90.4
   \                     ??halAssertHazardLights_16:
   \   0000C2   90....       MOV     DPTR,#??escape
   \   0000C5   E0           MOVX    A,@DPTR
   \   0000C6   600C         JZ      ??halAssertHazardLights_17
   \   0000C8   E4           CLR     A
   \   0000C9   F0           MOVX    @DPTR,A
   \   0000CA   740A         MOV     A,#0xa
   \   0000CC   12....       LCALL   ?DEALLOC_XSTACK8
   \   0000CF   7F04         MOV     R7,#0x4
   \   0000D1   02....       LJMP    ?BANKED_LEAVE_XDATA
   \                     ??halAssertHazardLights_17:
   \   0000D4   A281         MOV     C,0x80.1
   \   0000D6   508C         JNC     ??halAssertHazardLights_7
   \   0000D8   09           INC     R1
   \   0000D9   740A         MOV     A,#0xa
   \   0000DB   69           XRL     A,R1
   \   0000DC   7088         JNZ     ??halAssertHazardLights_8
   \   0000DE   C290         CLR     0x90.0
   \   0000E0   C291         CLR     0x90.1
   \   0000E2   C294         CLR     0x90.4
   \   0000E4   C290         CLR     0x90.0
   \   0000E6   7800         MOV     R0,#0x0
   \   0000E8   7900         MOV     R1,#0x0
   \                     ??halAssertHazardLights_18:
   \   0000EA   A281         MOV     C,0x80.1
   \   0000EC   5004         JNC     ??halAssertHazardLights_19
   \   0000EE   7800         MOV     R0,#0x0
   \   0000F0   7900         MOV     R1,#0x0
   \                     ??halAssertHazardLights_19:
   \   0000F2   12....       LCALL   ?Subroutine0 & 0xFFFF
   \                     ??CrossCallReturnLabel_0:
   \   0000F5   40F3         JC      ??halAssertHazardLights_18
   \   0000F7   9061A3       MOV     DPTR,#0x61a3
   \   0000FA   E0           MOVX    A,@DPTR
   \   0000FB   C0E0         PUSH    A
   \   0000FD   7404         MOV     A,#0x4
   \   0000FF   12....       LCALL   ?XSTACK_DISP0_8
   \   000102   D0E0         POP     A
   \   000104   F0           MOVX    @DPTR,A
   \   000105   9061A4       MOV     DPTR,#0x61a4
   \   000108   E0           MOVX    A,@DPTR
   \   000109   C0E0         PUSH    A
   \   00010B   7405         MOV     A,#0x5
   \   00010D   12....       LCALL   ?XSTACK_DISP0_8
   \   000110   D0E0         POP     A
   \   000112   F0           MOVX    @DPTR,A
   \   000113   90....       MOV     DPTR,#macTxActive
   \   000116   E0           MOVX    A,@DPTR
   \   000117   C0E0         PUSH    A
   \   000119   7402         MOV     A,#0x2
   \   00011B   12....       LCALL   ?XSTACK_DISP0_8
   \   00011E   D0E0         POP     A
   \   000120   F0           MOVX    @DPTR,A
   \   000121   90....       MOV     DPTR,#macRxActive
   \   000124   E0           MOVX    A,@DPTR
   \   000125   C0E0         PUSH    A
   \   000127   7403         MOV     A,#0x3
   \   000129   12....       LCALL   ?XSTACK_DISP0_8
   \   00012C   D0E0         POP     A
   \   00012E   F0           MOVX    @DPTR,A
   \   00012F   7B00         MOV     R3,#0x0
   \   000131   7A00         MOV     R2,#0x0
   \                     ??halAssertHazardLights_6:
   \   000133   A281         MOV     C,0x80.1
   \   000135   50FC         JNC     ??halAssertHazardLights_6
   \   000137   D290         SETB    0x90.0
   \   000139   D291         SETB    0x90.1
   \   00013B   D294         SETB    0x90.4
   \   00013D   EB           MOV     A,R3
   \   00013E   7004         JNZ     ??halAssertHazardLights_20
   \   000140   D290         SETB    0x90.0
   \   000142   8002         SJMP    ??halAssertHazardLights_21
   \                     ??halAssertHazardLights_20:
   \   000144   C290         CLR     0x90.0
   \                     ??halAssertHazardLights_21:
   \   000146   7800         MOV     R0,#0x0
   \   000148   7900         MOV     R1,#0x0
   \                     ??halAssertHazardLights_22:
   \   00014A   A281         MOV     C,0x80.1
   \   00014C   5004         JNC     ??halAssertHazardLights_23
   \   00014E   7800         MOV     R0,#0x0
   \   000150   7900         MOV     R1,#0x0
   \                     ??halAssertHazardLights_23:
   \   000152   12....       LCALL   ?Subroutine0 & 0xFFFF
   \                     ??CrossCallReturnLabel_1:
   \   000155   40F3         JC      ??halAssertHazardLights_22
   \   000157   C290         CLR     0x90.0
   \   000159   C291         CLR     0x90.1
   \   00015B   C294         CLR     0x90.4
   \   00015D   C290         CLR     0x90.0
   \   00015F   75..01       MOV     ?V0 + 0,#0x1
   \   000162   75..00       MOV     ?V0 + 1,#0x0
   \   000165   7407         MOV     A,#0x7
   \   000167   C3           CLR     C
   \   000168   9B           SUBB    A,R3
   \   000169   78..         MOV     R0,#?V0 + 0
   \   00016B   12....       LCALL   ?S_SHL
   \   00016E   8A..         MOV     ?V0 + 2,R2
   \   000170   85..82       MOV     DPL,?XSP + 0
   \   000173   85..83       MOV     DPH,?XSP + 1
   \   000176   E582         MOV     A,DPL
   \   000178   25..         ADD     A,?V0 + 2
   \   00017A   F582         MOV     DPL,A
   \   00017C   E583         MOV     A,DPH
   \   00017E   3400         ADDC    A,#0x0
   \   000180   F583         MOV     DPH,A
   \   000182   E0           MOVX    A,@DPTR
   \   000183   55..         ANL     A,?V0 + 0
   \   000185   7003         JNZ     $+5
   \   000187   02....       LJMP    ??halAssertHazardLights_4 & 0xFFFF
   \   00018A   D290         SETB    0x90.0
   \   00018C   02....       LJMP    ??halAssertHazardLights_5 & 0xFFFF
   \   00018F                REQUIRE _A_IEN0
   \   00018F                REQUIRE SLEEPCMD
   \   00018F                REQUIRE SLEEPSTA
   \   00018F                REQUIRE CLKCONCMD
   \   00018F                REQUIRE CLKCONSTA
   \   00018F                REQUIRE P1DIR
   \   00018F                REQUIRE P0INP
   \   00018F                REQUIRE _A_P1
   \   00018F                REQUIRE _A_P0
    288            }
    289          }

   \                                 In  segment BANKED_CODE, align 1, keep-with-next
   \                     ?Subroutine0:
   \   000000   E8           MOV     A,R0
   \   000001   2401         ADD     A,#0x1
   \   000003   08           INC     R0
   \   000004   E9           MOV     A,R1
   \   000005   3400         ADDC    A,#0x0
   \   000007   F9           MOV     R1,A
   \   000008   C3           CLR     C
   \   000009   E8           MOV     A,R0
   \   00000A   94F4         SUBB    A,#-0xc
   \   00000C   E9           MOV     A,R1
   \   00000D   9401         SUBB    A,#0x1
   \   00000F   A2D2         MOV     C,0xD0 /* PSW */.2
   \   000011   65D0         XRL     A,PSW
   \   000013   33           RLC     A
   \   000014   22           RET

   \                                 In  segment XDATA_Z, align 1, keep-with-next
   \                     ??escape:
   \   000000                DS 1
   \   000001                REQUIRE __INIT_XDATA_Z

   \                                 In  segment XDATA_ROM_C, align 1
   \                     __Constant_0:
   \   000000   00000000     DD 0

   \                                 In  segment XDATA_ROM_C, align 1
   \                     __Constant_1:
   \   000000   01000000     DD 1

   \                                 In  segment XDATA_ROM_C, align 1
   \                     __Constant_5800:
   \   000000   00580000     DD 22528

   \                                 In  segment BANK_RELAYS, align 1
   \                     ??halAssertHandler?relay:
   \   000000   12....       LCALL   ?BDISPATCH
   \   000003   ......       DC24    halAssertHandler

   \                                 In  segment BANK_RELAYS, align 1
   \                     ??halAssertHazardLights?relay:
   \   000000   12....       LCALL   ?BDISPATCH
   \   000003   ......       DC24    halAssertHazardLights
    290          
    291          
    292          /* ------------------------------------------------------------------------------------------------
    293           *                                    Compile Time Assertions
    294           * ------------------------------------------------------------------------------------------------
    295           */
    296          
    297          /* integrity check of type sizes */
    298          HAL_ASSERT_SIZE(  int8, 1);
    299          HAL_ASSERT_SIZE( uint8, 1);
    300          HAL_ASSERT_SIZE( int16, 2);
    301          HAL_ASSERT_SIZE(uint16, 2);
    302          HAL_ASSERT_SIZE( int32, 4);
    303          HAL_ASSERT_SIZE(uint32, 4);
    304          
    305          
    306          /**************************************************************************************************
    307          */

   Maximum stack usage in bytes:

     Function                   ISTACK PSTACK XSTACK
     --------                   ------ ------ ------
     halAssertHandler               2      0      0
       -> halAssertHazardLights     4      0      0
     halAssertHazardLights          2      0     22


   Segment part sizes:

     Function/Label                Bytes
     --------------                -----
     _A_P0                            1
     P0INP                            1
     _A_P1                            1
     SLEEPSTA                         1
     CLKCONSTA                        1
     _A_IEN0                          1
     SLEEPCMD                         1
     CLKCONCMD                        1
     P1DIR                            1
     halAssertHandler                14
     halAssertHazardLights          399
     ?Subroutine0                    21
     escape                           1
     __Constant_0                     4
     __Constant_1                     4
     __Constant_5800                  4
     ??halAssertHandler?relay         6
     ??halAssertHazardLights?relay    6

 
 434 bytes in segment BANKED_CODE
  12 bytes in segment BANK_RELAYS
   9 bytes in segment SFR_AN
  12 bytes in segment XDATA_ROM_C
   1 byte  in segment XDATA_Z
 
 446 bytes of CODE  memory
   0 bytes of CONST memory (+ 12 bytes shared)
   0 bytes of DATA  memory (+  9 bytes shared)
   1 byte  of XDATA memory

Errors: none
Warnings: none
