###############################################################################
#                                                                             #
# IAR C/C++ Compiler V8.10.3.10338/W32 for 8051         03/May/2014  10:02:08 #
# Copyright 2004-2011 IAR Systems AB.                                         #
#                                                                             #
#    Core               =  plain                                              #
#    Code model         =  banked                                             #
#    Data model         =  large                                              #
#    Calling convention =  xdata reentrant                                    #
#    Constant location  =  data_rom                                           #
#    Dptr setup         =  1,16                                               #
#    Source file        =  H:\zigbeesrc\8.ÎÞÏß´«¸ÐÆ÷ÍøÂç£¨×Ô×éÍøÓëÊý¾Ý´«Êä£©\ #
#                          Projects\zstack\Samples\ÎÞÏß´«¸ÐÆ÷ÍøÂç£¨×Ô×éÍø£©\C #
#                          C2530DB\Source\SampleAppHw.c                       #
#    Command line       =  -f H:\zigbeesrc\8.ÎÞÏß´«¸ÐÆ÷ÍøÂç£¨×Ô×éÍøÓëÊý¾Ý´«Êä #
#                          £©\Projects\zstack\Samples\ÎÞÏß´«¸ÐÆ÷ÍøÂç£¨×Ô×éÍø£ #
#                          ©\CC2530DB\..\..\..\Tools\CC2530DB\f8wEndev.cfg    #
#                          (-DCPU32MHZ -DROOT=__near_func -DBLINK_LEDS) -f    #
#                          H:\zigbeesrc\8.ÎÞÏß´«¸ÐÆ÷ÍøÂç£¨×Ô×éÍøÓëÊý¾Ý´«Êä£©\ #
#                          Projects\zstack\Samples\ÎÞÏß´«¸ÐÆ÷ÍøÂç£¨×Ô×éÍø£©\C #
#                          C2530DB\..\..\..\Tools\CC2530DB\f8wConfig.cfg      #
#                          (-DSECURE=0 -DZG_SECURE_DYNAMIC=0 -DREFLECTOR      #
#                          -DDEFAULT_CHANLIST=0x00000800                      #
#                          -DZDAPP_CONFIG_PAN_ID=0xFFF0                       #
#                          -DNWK_START_DELAY=100 -DEXTENDED_JOINING_RANDOM_MA #
#                          SK=0x007F -DBEACON_REQUEST_DELAY=100               #
#                          -DBEACON_REQ_DELAY_MASK=0x00FF                     #
#                          -DROUTE_EXPIRY_TIME=30 -DAPSC_ACK_WAIT_DURATION_PO #
#                          LLED=3000 -DNWK_INDIRECT_MSG_TIMEOUT=7             #
#                          -DMAX_RREQ_ENTRIES=8 -DAPSC_MAX_FRAME_RETRIES=3    #
#                          -DNWK_MAX_DATA_RETRIES=2                           #
#                          -DMAX_POLL_FAILURE_RETRIES=2 -DMAX_BCAST=9         #
#                          -DAPS_MAX_GROUPS=16 -DMAX_RTG_ENTRIES=40           #
#                          -DNWK_MAX_BINDING_ENTRIES=4                        #
#                          -DMAX_BINDING_CLUSTER_IDS=4 "-DDEFAULT_KEY={0x01,  #
#                          0x03, 0x05, 0x07, 0x09, 0x0B, 0x0D, 0x0F, 0x00,    #
#                          0x02, 0x04, 0x06, 0x08, 0x0A, 0x0C, 0x0D}"         #
#                          -DMAC_MAX_FRAME_SIZE=116 "-DCONST=const __code"    #
#                          -DGENERIC=__generic -DRFD_RCVC_ALWAYS_ON=FALSE     #
#                          -DPOLL_RATE=1000 -DQUEUED_POLL_RATE=100            #
#                          -DRESPONSE_POLL_RATE=100) -DREJOIN_POLL_RATE=440   #
#                          H:\zigbeesrc\8.ÎÞÏß´«¸ÐÆ÷ÍøÂç£¨×Ô×éÍøÓëÊý¾Ý´«Êä£©\ #
#                          Projects\zstack\Samples\ÎÞÏß´«¸ÐÆ÷ÍøÂç£¨×Ô×éÍø£©\C #
#                          C2530DB\Source\SampleAppHw.c -D NWK_AUTO_POLL -D   #
#                          ZTOOL_P1 -D MT_TASK -D MT_SYS_FUNC -D MT_ZDO_FUNC  #
#                          -D LCD_SUPPORTED=DEBUG -lC                         #
#                          H:\zigbeesrc\8.ÎÞÏß´«¸ÐÆ÷ÍøÂç£¨×Ô×éÍøÓëÊý¾Ý´«Êä£©\ #
#                          Projects\zstack\Samples\ÎÞÏß´«¸ÐÆ÷ÍøÂç£¨×Ô×éÍø£©\C #
#                          C2530DB\EndDeviceEB\List\ -lA                      #
#                          H:\zigbeesrc\8.ÎÞÏß´«¸ÐÆ÷ÍøÂç£¨×Ô×éÍøÓëÊý¾Ý´«Êä£©\ #
#                          Projects\zstack\Samples\ÎÞÏß´«¸ÐÆ÷ÍøÂç£¨×Ô×éÍø£©\C #
#                          C2530DB\EndDeviceEB\List\ --diag_suppress          #
#                          Pe001,Pa010 -o H:\zigbeesrc\8.ÎÞÏß´«¸ÐÆ÷ÍøÂç£¨×Ô×é #
#                          ÍøÓëÊý¾Ý´«Êä£©\Projects\zstack\Samples\ÎÞÏß´«¸ÐÆ÷Í #
#                          øÂç£¨×Ô×éÍø£©\CC2530DB\EndDeviceEB\Obj\ -e         #
#                          --debug --core=plain --dptr=16,1                   #
#                          --data_model=large --code_model=banked             #
#                          --calling_convention=xdata_reentrant               #
#                          --place_constants=data_rom --nr_virtual_regs 16    #
#                          -I H:\zigbeesrc\8.ÎÞÏß´«¸ÐÆ÷ÍøÂç£¨×Ô×éÍøÓëÊý¾Ý´«Êä #
#                          £©\Projects\zstack\Samples\ÎÞÏß´«¸ÐÆ÷ÍøÂç£¨×Ô×éÍø£ #
#                          ©\CC2530DB\ -I H:\zigbeesrc\8.ÎÞÏß´«¸ÐÆ÷ÍøÂç£¨×Ô×é #
#                          ÍøÓëÊý¾Ý´«Êä£©\Projects\zstack\Samples\ÎÞÏß´«¸ÐÆ÷Í #
#                          øÂç£¨×Ô×éÍø£©\CC2530DB\..\SOURCE\ -I               #
#                          H:\zigbeesrc\8.ÎÞÏß´«¸ÐÆ÷ÍøÂç£¨×Ô×éÍøÓëÊý¾Ý´«Êä£©\ #
#                          Projects\zstack\Samples\ÎÞÏß´«¸ÐÆ÷ÍøÂç£¨×Ô×éÍø£©\C #
#                          C2530DB\..\..\..\ZMAIN\TI2530DB\ -I                #
#                          H:\zigbeesrc\8.ÎÞÏß´«¸ÐÆ÷ÍøÂç£¨×Ô×éÍøÓëÊý¾Ý´«Êä£©\ #
#                          Projects\zstack\Samples\ÎÞÏß´«¸ÐÆ÷ÍøÂç£¨×Ô×éÍø£©\C #
#                          C2530DB\..\..\..\..\..\COMPONENTS\MT\ -I           #
#                          H:\zigbeesrc\8.ÎÞÏß´«¸ÐÆ÷ÍøÂç£¨×Ô×éÍøÓëÊý¾Ý´«Êä£©\ #
#                          Projects\zstack\Samples\ÎÞÏß´«¸ÐÆ÷ÍøÂç£¨×Ô×éÍø£©\C #
#                          C2530DB\..\..\..\..\..\COMPONENTS\HAL\INCLUDE\ -I  #
#                          H:\zigbeesrc\8.ÎÞÏß´«¸ÐÆ÷ÍøÂç£¨×Ô×éÍøÓëÊý¾Ý´«Êä£©\ #
#                          Projects\zstack\Samples\ÎÞÏß´«¸ÐÆ÷ÍøÂç£¨×Ô×éÍø£©\C #
#                          C2530DB\..\..\..\..\..\COMPONENTS\HAL\TARGET\CC253 #
#                          0EB\ -I H:\zigbeesrc\8.ÎÞÏß´«¸ÐÆ÷ÍøÂç£¨×Ô×éÍøÓëÊý¾ #
#                          Ý´«Êä£©\Projects\zstack\Samples\ÎÞÏß´«¸ÐÆ÷ÍøÂç£¨×Ô #
#                          ×éÍø£©\CC2530DB\..\..\..\..\..\COMPONENTS\OSAL\MCU #
#                          \CCSOC\ -I H:\zigbeesrc\8.ÎÞÏß´«¸ÐÆ÷ÍøÂç£¨×Ô×éÍøÓë #
#                          Êý¾Ý´«Êä£©\Projects\zstack\Samples\ÎÞÏß´«¸ÐÆ÷ÍøÂç£ #
#                          ¨×Ô×éÍø£©\CC2530DB\..\..\..\..\..\COMPONENTS\OSAL\ #
#                          INCLUDE\ -I H:\zigbeesrc\8.ÎÞÏß´«¸ÐÆ÷ÍøÂç£¨×Ô×éÍøÓ #
#                          ëÊý¾Ý´«Êä£©\Projects\zstack\Samples\ÎÞÏß´«¸ÐÆ÷ÍøÂç #
#                          £¨×Ô×éÍø£©\CC2530DB\..\..\..\..\..\COMPONENTS\STAC #
#                          K\AF\ -I H:\zigbeesrc\8.ÎÞÏß´«¸ÐÆ÷ÍøÂç£¨×Ô×éÍøÓëÊý #
#                          ¾Ý´«Êä£©\Projects\zstack\Samples\ÎÞÏß´«¸ÐÆ÷ÍøÂç£¨× #
#                          Ô×éÍø£©\CC2530DB\..\..\..\..\..\COMPONENTS\STACK\N #
#                          WK\ -I H:\zigbeesrc\8.ÎÞÏß´«¸ÐÆ÷ÍøÂç£¨×Ô×éÍøÓëÊý¾Ý #
#                          ´«Êä£©\Projects\zstack\Samples\ÎÞÏß´«¸ÐÆ÷ÍøÂç£¨×Ô× #
#                          éÍø£©\CC2530DB\..\..\..\..\..\COMPONENTS\STACK\SEC #
#                          \ -I H:\zigbeesrc\8.ÎÞÏß´«¸ÐÆ÷ÍøÂç£¨×Ô×éÍøÓëÊý¾Ý´« #
#                          Êä£©\Projects\zstack\Samples\ÎÞÏß´«¸ÐÆ÷ÍøÂç£¨×Ô×éÍ #
#                          ø£©\CC2530DB\..\..\..\..\..\COMPONENTS\STACK\SAPI\ #
#                           -I H:\zigbeesrc\8.ÎÞÏß´«¸ÐÆ÷ÍøÂç£¨×Ô×éÍøÓëÊý¾Ý´«Ê #
#                          ä£©\Projects\zstack\Samples\ÎÞÏß´«¸ÐÆ÷ÍøÂç£¨×Ô×éÍø #
#                          £©\CC2530DB\..\..\..\..\..\COMPONENTS\STACK\SYS\   #
#                          -I H:\zigbeesrc\8.ÎÞÏß´«¸ÐÆ÷ÍøÂç£¨×Ô×éÍøÓëÊý¾Ý´«Êä #
#                          £©\Projects\zstack\Samples\ÎÞÏß´«¸ÐÆ÷ÍøÂç£¨×Ô×éÍø£ #
#                          ©\CC2530DB\..\..\..\..\..\COMPONENTS\STACK\ZDO\    #
#                          -I H:\zigbeesrc\8.ÎÞÏß´«¸ÐÆ÷ÍøÂç£¨×Ô×éÍøÓëÊý¾Ý´«Êä #
#                          £©\Projects\zstack\Samples\ÎÞÏß´«¸ÐÆ÷ÍøÂç£¨×Ô×éÍø£ #
#                          ©\CC2530DB\..\..\..\..\..\COMPONENTS\ZMAC\F8W\ -I  #
#                          H:\zigbeesrc\8.ÎÞÏß´«¸ÐÆ÷ÍøÂç£¨×Ô×éÍøÓëÊý¾Ý´«Êä£©\ #
#                          Projects\zstack\Samples\ÎÞÏß´«¸ÐÆ÷ÍøÂç£¨×Ô×éÍø£©\C #
#                          C2530DB\..\..\..\..\..\COMPONENTS\ZMAC\ -I         #
#                          H:\zigbeesrc\8.ÎÞÏß´«¸ÐÆ÷ÍøÂç£¨×Ô×éÍøÓëÊý¾Ý´«Êä£©\ #
#                          Projects\zstack\Samples\ÎÞÏß´«¸ÐÆ÷ÍøÂç£¨×Ô×éÍø£©\C #
#                          C2530DB\..\..\..\..\..\COMPONENTS\SERVICES\SADDR\  #
#                          -I H:\zigbeesrc\8.ÎÞÏß´«¸ÐÆ÷ÍøÂç£¨×Ô×éÍøÓëÊý¾Ý´«Êä #
#                          £©\Projects\zstack\Samples\ÎÞÏß´«¸ÐÆ÷ÍøÂç£¨×Ô×éÍø£ #
#                          ©\CC2530DB\..\..\..\..\..\COMPONENTS\SERVICES\SDAT #
#                          A\ -I H:\zigbeesrc\8.ÎÞÏß´«¸ÐÆ÷ÍøÂç£¨×Ô×éÍøÓëÊý¾Ý´ #
#                          «Êä£©\Projects\zstack\Samples\ÎÞÏß´«¸ÐÆ÷ÍøÂç£¨×Ô×é #
#                          Íø£©\CC2530DB\..\..\..\..\..\COMPONENTS\MAC\INCLUD #
#                          E\ -I H:\zigbeesrc\8.ÎÞÏß´«¸ÐÆ÷ÍøÂç£¨×Ô×éÍøÓëÊý¾Ý´ #
#                          «Êä£©\Projects\zstack\Samples\ÎÞÏß´«¸ÐÆ÷ÍøÂç£¨×Ô×é #
#                          Íø£©\CC2530DB\..\..\..\..\..\COMPONENTS\MAC\HIGH_L #
#                          EVEL\ -I H:\zigbeesrc\8.ÎÞÏß´«¸ÐÆ÷ÍøÂç£¨×Ô×éÍøÓëÊý #
#                          ¾Ý´«Êä£©\Projects\zstack\Samples\ÎÞÏß´«¸ÐÆ÷ÍøÂç£¨× #
#                          Ô×éÍø£©\CC2530DB\..\..\..\..\..\COMPONENTS\MAC\LOW #
#                          _LEVEL\srf04\ -I H:\zigbeesrc\8.ÎÞÏß´«¸ÐÆ÷ÍøÂç£¨×Ô #
#                          ×éÍøÓëÊý¾Ý´«Êä£©\Projects\zstack\Samples\ÎÞÏß´«¸ÐÆ #
#                          ÷ÍøÂç£¨×Ô×éÍø£©\CC2530DB\..\..\..\..\..\COMPONENTS #
#                          \MAC\LOW_LEVEL\srf04\SINGLE_CHIP\ -Ohz             #
#    List file          =  H:\zigbeesrc\8.ÎÞÏß´«¸ÐÆ÷ÍøÂç£¨×Ô×éÍøÓëÊý¾Ý´«Êä£©\ #
#                          Projects\zstack\Samples\ÎÞÏß´«¸ÐÆ÷ÍøÂç£¨×Ô×éÍø£©\C #
#                          C2530DB\EndDeviceEB\List\SampleAppHw.lst           #
#    Object file        =  H:\zigbeesrc\8.ÎÞÏß´«¸ÐÆ÷ÍøÂç£¨×Ô×éÍøÓëÊý¾Ý´«Êä£©\ #
#                          Projects\zstack\Samples\ÎÞÏß´«¸ÐÆ÷ÍøÂç£¨×Ô×éÍø£©\C #
#                          C2530DB\EndDeviceEB\Obj\SampleAppHw.r51            #
#                                                                             #
#                                                                             #
###############################################################################

H:\zigbeesrc\8.ÎÞÏß´«¸ÐÆ÷ÍøÂç£¨×Ô×éÍøÓëÊý¾Ý´«Êä£©\Projects\zstack\Samples\ÎÞÏß´«¸ÐÆ÷ÍøÂç£¨×Ô×éÍø£©\CC2530DB\Source\SampleAppHw.c
      1          /**************************************************************************************************
      2            Filename:       SampleAppHw.c
      3            Revised:        $Date: 2009-03-18 15:56:27 -0700 (Wed, 18 Mar 2009) $
      4            Revision:       $Revision: 19453 $
      5          
      6            Description:    Hardware setup for SampleApp
      7          
      8          
      9            Copyright 2007 Texas Instruments Incorporated. All rights reserved.
     10          
     11            IMPORTANT: Your use of this Software is limited to those specific rights
     12            granted under the terms of a software license agreement between the user
     13            who downloaded the software, his/her employer (which must be your employer)
     14            and Texas Instruments Incorporated (the "License").  You may not use this
     15            Software unless you agree to abide by the terms of the License. The License
     16            limits your use, and you acknowledge, that the Software may not be modified,
     17            copied or distributed unless embedded on a Texas Instruments microcontroller
     18            or used solely and exclusively in conjunction with a Texas Instruments radio
     19            frequency transceiver, which is integrated into your product.  Other than for
     20            the foregoing purpose, you may not use, reproduce, copy, prepare derivative
     21            works of, modify, distribute, perform, display or sell this Software and/or
     22            its documentation for any purpose.
     23          
     24            YOU FURTHER ACKNOWLEDGE AND AGREE THAT THE SOFTWARE AND DOCUMENTATION ARE
     25            PROVIDED “AS IS” WITHOUT WARRANTY OF ANY KIND, EITHER EXPRESS OR IMPLIED,
     26            INCLUDING WITHOUT LIMITATION, ANY WARRANTY OF MERCHANTABILITY, TITLE,
     27            NON-INFRINGEMENT AND FITNESS FOR A PARTICULAR PURPOSE. IN NO EVENT SHALL
     28            TEXAS INSTRUMENTS OR ITS LICENSORS BE LIABLE OR OBLIGATED UNDER CONTRACT,
     29            NEGLIGENCE, STRICT LIABILITY, CONTRIBUTION, BREACH OF WARRANTY, OR OTHER
     30            LEGAL EQUITABLE THEORY ANY DIRECT OR INDIRECT DAMAGES OR EXPENSES
     31            INCLUDING BUT NOT LIMITED TO ANY INCIDENTAL, SPECIAL, INDIRECT, PUNITIVE
     32            OR CONSEQUENTIAL DAMAGES, LOST PROFITS OR LOST DATA, COST OF PROCUREMENT
     33            OF SUBSTITUTE GOODS, TECHNOLOGY, SERVICES, OR ANY CLAIMS BY THIRD PARTIES
     34            (INCLUDING BUT NOT LIMITED TO ANY DEFENSE THEREOF), OR OTHER SIMILAR COSTS.
     35          
     36            Should you have any questions regarding your right to use this Software,
     37            contact Texas Instruments Incorporated at www.TI.com.
     38          **************************************************************************************************/
     39          
     40          /**************************************************************************************************
     41           * INCLUDES
     42           **************************************************************************************************/
     43          #include "ZComDef.h"
     44          #include "hal_mcu.h"

   \                                 In  segment SFR_AN, at 0x80
   \   union <unnamed> volatile __sfr _A_P0
   \                     _A_P0:
   \   000000                DS 1

   \                                 In  segment SFR_AN, at 0xf3
   \   unsigned char volatile __sfr P0SEL
   \                     P0SEL:
   \   000000                DS 1

   \                                 In  segment SFR_AN, at 0xfd
   \   unsigned char volatile __sfr P0DIR
   \                     P0DIR:
   \   000000                DS 1
     45          #include "hal_defs.h"
     46          
     47          #include "SampleAppHw.h"
     48          
     49          
     50          /**************************************************************************************************
     51           * CONSTANTS
     52           **************************************************************************************************/
     53          /* NOTES:   Jumper should be between Header P18 pin 7 and header P18 pin 9 on the SmartRF05
     54           *          P0_2 - P18 pin 7
     55           *          P0_3 - P18 pin 9
     56           */
     57          #define JUMPERIN_BIT  BV(2)  //P0.2
     58          #define JUMPERIN_SEL  P0SEL
     59          #define JUMPERIN_DIR  P0DIR
     60          #define JUMPERIN      P0
     61          
     62          #define JUMPEROUT_BIT BV(3)  //P0.3
     63          #define JUMPEROUT_SEL P0SEL
     64          #define JUMPEROUT_DIR P0DIR
     65          #define JUMPEROUT     P0
     66          
     67          
     68          /**************************************************************************************************
     69           * @fn      readCoordinatorJumper
     70           *
     71           * @brief   Checks for a jumper to determine if the device should
     72           *          become a coordinator
     73           *
     74           * @return  TRUE if the jumper is there, FALSE if not
     75           **************************************************************************************************/

   \                                 In  segment BANKED_CODE, align 1, keep-with-next
     76          uint8 readCoordinatorJumper( void )
   \                     readCoordinatorJumper:
     77          {
   \   000000                ; Saved register size: 0
   \   000000                ; Auto size: 0
     78          
     79            uint8 jumpered = TRUE;
     80            uint8 result;
     81            uint8 x,y;
     82          
     83            JUMPERIN_SEL  &= ~(JUMPERIN_BIT);
   \   000000   53F3FB       ANL     0xf3,#0xfb
     84            JUMPEROUT_SEL &= ~(JUMPEROUT_BIT);
   \   000003   53F3F7       ANL     0xf3,#0xf7
     85            JUMPERIN_DIR  &= ~(JUMPERIN_BIT);
   \   000006   53FDFB       ANL     0xfd,#0xfb
     86            JUMPEROUT_DIR |= JUMPEROUT_BIT;
   \   000009   43FD08       ORL     0xfd,#0x8
     87          
     88            jumpered = TRUE;
   \   00000C   7901         MOV     R1,#0x1
     89          
     90            for ( x = 0; x < 8; x++ )
   \   00000E   7800         MOV     R0,#0x0
     91            {
     92              if ( x & 0x01 )
     93              {
     94                JUMPEROUT |= JUMPEROUT_BIT;
     95                for ( y = 0; y < 8; y++ );
     96                result = JUMPERIN & JUMPERIN_BIT;
     97                if ( result != JUMPERIN_BIT )
     98                  jumpered = FALSE;
     99              }
    100              else
    101              {
    102                JUMPEROUT &= ~(JUMPEROUT_BIT);
   \                     ??readCoordinatorJumper_0:
   \   000010   C283         CLR     0x80.3
    103                for ( y = 0; y < 8; y++ );
    104                result = JUMPERIN & JUMPERIN_BIT;
    105                if ( result != 0x00 )
   \   000012   A282         MOV     C,0x80.2
   \   000014   4012         JC      ??readCoordinatorJumper_1
    106                  jumpered = FALSE;
    107              }
   \                     ??readCoordinatorJumper_2:
   \   000016   08           INC     R0
   \   000017   E8           MOV     A,R0
   \   000018   C3           CLR     C
   \   000019   9408         SUBB    A,#0x8
   \   00001B   500F         JNC     ??readCoordinatorJumper_3
   \   00001D   E8           MOV     A,R0
   \   00001E   A2E0         MOV     C,0xE0 /* A   */.0
   \   000020   50EE         JNC     ??readCoordinatorJumper_0
   \   000022   D283         SETB    0x80.3
   \   000024   A282         MOV     C,0x80.2
   \   000026   40EE         JC      ??readCoordinatorJumper_2
   \                     ??readCoordinatorJumper_1:
   \   000028   7900         MOV     R1,#0x0
   \   00002A   80EA         SJMP    ??readCoordinatorJumper_2
    108            }
    109          
    110            return ( jumpered );
   \                     ??readCoordinatorJumper_3:
   \   00002C   02....       LJMP    ?BRET
   \   00002F                REQUIRE P0SEL
   \   00002F                REQUIRE P0DIR
   \   00002F                REQUIRE _A_P0
    111          
    112          }

   \                                 In  segment BANK_RELAYS, align 1
   \                     ??readCoordinatorJumper?relay:
   \   000000   12....       LCALL   ?BDISPATCH
   \   000003   ......       DC24    readCoordinatorJumper
    113          
    114          /**************************************************************************************************
    115          **************************************************************************************************/

   Maximum stack usage in bytes:

     Function              ISTACK PSTACK XSTACK
     --------              ------ ------ ------
     readCoordinatorJumper     0      0      0


   Segment part sizes:

     Function/Label                Bytes
     --------------                -----
     _A_P0                            1
     P0SEL                            1
     P0DIR                            1
     readCoordinatorJumper           47
     ??readCoordinatorJumper?relay    6

 
 47 bytes in segment BANKED_CODE
  6 bytes in segment BANK_RELAYS
  3 bytes in segment SFR_AN
 
 53 bytes of CODE memory
  0 bytes of DATA memory (+ 3 bytes shared)

Errors: none
Warnings: none
